{
"contracts/interface/IEvmoSwapRouter.sol":{"l":{},"path":"/Users/chris/Workspace/sooho/stayking-beta/contracts/interface/IEvmoSwapRouter.sol","s":{},"b":{},"f":{},"fnMap":{},"statementMap":{},"branchMap":{}},
"contracts/interface/IInterestModel.sol":{"l":{},"path":"/Users/chris/Workspace/sooho/stayking-beta/contracts/interface/IInterestModel.sol","s":{},"b":{},"f":{},"fnMap":{},"statementMap":{},"branchMap":{}},
"contracts/interface/IStayking.sol":{"l":{},"path":"/Users/chris/Workspace/sooho/stayking-beta/contracts/interface/IStayking.sol","s":{},"b":{},"f":{},"fnMap":{},"statementMap":{},"branchMap":{}},
"contracts/interface/ISwapHelper.sol":{"l":{},"path":"/Users/chris/Workspace/sooho/stayking-beta/contracts/interface/ISwapHelper.sol","s":{},"b":{},"f":{},"fnMap":{},"statementMap":{},"branchMap":{}},
"contracts/interface/IUnbondedEvmos.sol":{"l":{},"path":"/Users/chris/Workspace/sooho/stayking-beta/contracts/interface/IUnbondedEvmos.sol","s":{},"b":{},"f":{},"fnMap":{},"statementMap":{},"branchMap":{}},
"contracts/interface/IVault.sol":{"l":{},"path":"/Users/chris/Workspace/sooho/stayking-beta/contracts/interface/IVault.sol","s":{},"b":{},"f":{},"fnMap":{},"statementMap":{},"branchMap":{}},
"contracts/lib/AddressUpgradeable.sol":{"l":{"40":0,"60":0,"65":0,"66":0,"94":0,"108":0,"127":0,"148":0,"152":0,"154":0,"157":0,"171":0,"190":0,"192":0,"193":0,"207":0,"208":0,"211":0,"214":0,"219":0},"path":"/Users/chris/Workspace/sooho/stayking-beta/contracts/lib/AddressUpgradeable.sol","s":{"1":0,"2":0,"3":0,"4":0,"5":0,"6":0,"7":0,"8":0,"9":0,"10":0,"11":0,"12":0,"13":0,"14":0,"15":0,"16":0,"17":0,"18":0,"19":0},"b":{"1":[0,0],"2":[0,0],"3":[0,0],"4":[0,0],"5":[0,0],"6":[0,0],"7":[0,0]},"f":{"1":0,"2":0,"3":0,"4":0,"5":0,"6":0,"7":0,"8":0,"9":0},"fnMap":{"1":{"name":"isContract","line":35,"loc":{"start":{"line":35,"column":4},"end":{"line":41,"column":4}}},"2":{"name":"sendValue","line":59,"loc":{"start":{"line":59,"column":4},"end":{"line":70,"column":4}}},"3":{"name":"functionCall","line":90,"loc":{"start":{"line":90,"column":4},"end":{"line":95,"column":4}}},"4":{"name":"functionCall","line":103,"loc":{"start":{"line":103,"column":4},"end":{"line":109,"column":4}}},"5":{"name":"functionCallWithValue","line":122,"loc":{"start":{"line":122,"column":4},"end":{"line":134,"column":4}}},"6":{"name":"functionCallWithValue","line":142,"loc":{"start":{"line":142,"column":4},"end":{"line":158,"column":4}}},"7":{"name":"functionStaticCall","line":166,"loc":{"start":{"line":166,"column":4},"end":{"line":177,"column":4}}},"8":{"name":"functionStaticCall","line":185,"loc":{"start":{"line":185,"column":4},"end":{"line":194,"column":4}}},"9":{"name":"verifyCallResult","line":202,"loc":{"start":{"line":202,"column":4},"end":{"line":222,"column":4}}}},"statementMap":{"1":{"start":{"line":40,"column":8},"end":{"line":40,"column":38}},"2":{"start":{"line":60,"column":8},"end":{"line":60,"column":2512}},"3":{"start":{"line":65,"column":8},"end":{"line":65,"column":60}},"4":{"start":{"line":66,"column":8},"end":{"line":66,"column":2692}},"5":{"start":{"line":94,"column":8},"end":{"line":94,"column":75}},"6":{"start":{"line":108,"column":8},"end":{"line":108,"column":67}},"7":{"start":{"line":127,"column":8},"end":{"line":127,"column":4711}},"8":{"start":{"line":148,"column":8},"end":{"line":148,"column":5334}},"9":{"start":{"line":152,"column":8},"end":{"line":152,"column":67}},"10":{"start":{"line":154,"column":8},"end":{"line":154,"column":5531}},"11":{"start":{"line":157,"column":8},"end":{"line":157,"column":66}},"12":{"start":{"line":171,"column":8},"end":{"line":171,"column":6020}},"13":{"start":{"line":190,"column":8},"end":{"line":190,"column":74}},"14":{"start":{"line":192,"column":8},"end":{"line":192,"column":73}},"15":{"start":{"line":193,"column":8},"end":{"line":193,"column":66}},"16":{"start":{"line":207,"column":8},"end":{"line":207,"column":7136}},"17":{"start":{"line":208,"column":12},"end":{"line":208,"column":29}},"18":{"start":{"line":211,"column":12},"end":{"line":211,"column":7281}},"19":{"start":{"line":219,"column":16},"end":{"line":219,"column":35}}},"branchMap":{"1":{"line":60,"type":"if","locations":[{"start":{"line":60,"column":8},"end":{"line":60,"column":8}},{"start":{"line":60,"column":8},"end":{"line":60,"column":8}}]},"2":{"line":66,"type":"if","locations":[{"start":{"line":66,"column":8},"end":{"line":66,"column":8}},{"start":{"line":66,"column":8},"end":{"line":66,"column":8}}]},"3":{"line":148,"type":"if","locations":[{"start":{"line":148,"column":8},"end":{"line":148,"column":8}},{"start":{"line":148,"column":8},"end":{"line":148,"column":8}}]},"4":{"line":152,"type":"if","locations":[{"start":{"line":152,"column":8},"end":{"line":152,"column":8}},{"start":{"line":152,"column":8},"end":{"line":152,"column":8}}]},"5":{"line":190,"type":"if","locations":[{"start":{"line":190,"column":8},"end":{"line":190,"column":8}},{"start":{"line":190,"column":8},"end":{"line":190,"column":8}}]},"6":{"line":207,"type":"if","locations":[{"start":{"line":207,"column":8},"end":{"line":207,"column":8}},{"start":{"line":207,"column":8},"end":{"line":207,"column":8}}]},"7":{"line":211,"type":"if","locations":[{"start":{"line":211,"column":12},"end":{"line":211,"column":12}},{"start":{"line":211,"column":12},"end":{"line":211,"column":12}}]}}},
"contracts/lib/Context.sol":{"l":{"17":19,"21":0},"path":"/Users/chris/Workspace/sooho/stayking-beta/contracts/lib/Context.sol","s":{"1":19,"2":0},"b":{},"f":{"1":19,"2":0},"fnMap":{"1":{"name":"_msgSender","line":16,"loc":{"start":{"line":16,"column":4},"end":{"line":18,"column":4}}},"2":{"name":"_msgData","line":20,"loc":{"start":{"line":20,"column":4},"end":{"line":22,"column":4}}}},"statementMap":{"1":{"start":{"line":17,"column":8},"end":{"line":17,"column":25}},"2":{"start":{"line":21,"column":8},"end":{"line":21,"column":23}}},"branchMap":{}},
"contracts/lib/ContextUpgradeable.sol":{"l":{"23":21,"27":0},"path":"/Users/chris/Workspace/sooho/stayking-beta/contracts/lib/ContextUpgradeable.sol","s":{"1":21,"2":0},"b":{"1":[0,0],"2":[0,0]},"f":{"1":0,"2":0,"3":21,"4":0},"fnMap":{"1":{"name":"__Context_init","line":18,"loc":{"start":{"line":18,"column":4},"end":{"line":18,"column":57}}},"2":{"name":"__Context_init_unchained","line":20,"loc":{"start":{"line":20,"column":4},"end":{"line":20,"column":67}}},"3":{"name":"_msgSender","line":22,"loc":{"start":{"line":22,"column":4},"end":{"line":24,"column":4}}},"4":{"name":"_msgData","line":26,"loc":{"start":{"line":26,"column":4},"end":{"line":28,"column":4}}}},"statementMap":{"1":{"start":{"line":23,"column":8},"end":{"line":23,"column":25}},"2":{"start":{"line":27,"column":8},"end":{"line":27,"column":23}}},"branchMap":{"1":{"line":18,"type":"if","locations":[{"start":{"line":18,"column":39},"end":{"line":18,"column":39}},{"start":{"line":18,"column":39},"end":{"line":18,"column":39}}]},"2":{"line":20,"type":"if","locations":[{"start":{"line":20,"column":49},"end":{"line":20,"column":49}},{"start":{"line":20,"column":49},"end":{"line":20,"column":49}}]}}},
"contracts/lib/ERC20.sol":{"l":{"53":3,"54":3,"61":0,"69":0,"86":0,"93":0,"106":29,"123":1,"124":1,"125":1,"138":5,"157":4,"158":4,"159":4,"183":5,"184":5,"185":4,"186":2,"206":0,"207":0,"208":0,"230":0,"231":0,"232":0,"236":0,"237":0,"240":0,"262":5,"263":5,"265":5,"267":5,"268":5,"272":3,"273":3,"275":3,"277":3,"279":3,"292":3,"294":3,"296":3,"297":3,"298":3,"300":3,"315":0,"317":0,"319":0,"320":0,"321":0,"322":0,"324":0,"326":0,"328":0,"349":8,"350":8,"352":8,"353":8,"369":5,"370":5,"371":5,"375":4,"376":4},"path":"/Users/chris/Workspace/sooho/stayking-beta/contracts/lib/ERC20.sol","s":{"1":0,"2":0,"3":0,"4":0,"5":29,"6":1,"7":1,"8":1,"9":5,"10":4,"11":4,"12":4,"13":5,"14":5,"15":4,"16":2,"17":0,"18":0,"19":0,"20":0,"21":0,"22":0,"23":0,"24":0,"25":5,"26":5,"27":5,"28":5,"29":5,"30":3,"31":3,"32":3,"33":3,"34":3,"35":3,"36":0,"37":0,"38":0,"39":0,"40":0,"41":0,"42":8,"43":8,"44":8,"45":5,"46":5,"47":5,"48":4},"b":{"1":[0,0],"2":[5,0],"3":[5,0],"4":[3,2],"5":[3,0],"6":[0,0],"7":[0,0],"8":[8,0],"9":[8,0],"10":[5,0],"11":[4,1]},"f":{"1":3,"2":0,"3":0,"4":0,"5":0,"6":29,"7":1,"8":5,"9":4,"10":5,"11":0,"12":0,"13":5,"14":3,"15":0,"16":8,"17":5,"18":8,"19":6},"fnMap":{"1":{"name":"constructor","line":52,"loc":{"start":{"line":52,"column":4},"end":{"line":55,"column":4}}},"2":{"name":"name","line":60,"loc":{"start":{"line":60,"column":4},"end":{"line":62,"column":4}}},"3":{"name":"symbol","line":68,"loc":{"start":{"line":68,"column":4},"end":{"line":70,"column":4}}},"4":{"name":"decimals","line":85,"loc":{"start":{"line":85,"column":4},"end":{"line":87,"column":4}}},"5":{"name":"totalSupply","line":92,"loc":{"start":{"line":92,"column":4},"end":{"line":94,"column":4}}},"6":{"name":"balanceOf","line":99,"loc":{"start":{"line":99,"column":4},"end":{"line":107,"column":4}}},"7":{"name":"transfer","line":117,"loc":{"start":{"line":117,"column":4},"end":{"line":126,"column":4}}},"8":{"name":"allowance","line":131,"loc":{"start":{"line":131,"column":4},"end":{"line":139,"column":4}}},"9":{"name":"approve","line":151,"loc":{"start":{"line":151,"column":4},"end":{"line":160,"column":4}}},"10":{"name":"transferFrom","line":178,"loc":{"start":{"line":178,"column":4},"end":{"line":187,"column":4}}},"11":{"name":"increaseAllowance","line":201,"loc":{"start":{"line":201,"column":4},"end":{"line":209,"column":4}}},"12":{"name":"decreaseAllowance","line":225,"loc":{"start":{"line":225,"column":4},"end":{"line":241,"column":4}}},"13":{"name":"_transfer","line":257,"loc":{"start":{"line":257,"column":4},"end":{"line":280,"column":4}}},"14":{"name":"_mint","line":291,"loc":{"start":{"line":291,"column":4},"end":{"line":301,"column":4}}},"15":{"name":"_burn","line":314,"loc":{"start":{"line":314,"column":4},"end":{"line":329,"column":4}}},"16":{"name":"_approve","line":344,"loc":{"start":{"line":344,"column":4},"end":{"line":354,"column":4}}},"17":{"name":"_spendAllowance","line":364,"loc":{"start":{"line":364,"column":4},"end":{"line":379,"column":4}}},"18":{"name":"_beforeTokenTransfer","line":395,"loc":{"start":{"line":395,"column":4},"end":{"line":399,"column":24}}},"19":{"name":"_afterTokenTransfer","line":415,"loc":{"start":{"line":415,"column":4},"end":{"line":419,"column":24}}}},"statementMap":{"1":{"start":{"line":61,"column":8},"end":{"line":61,"column":20}},"2":{"start":{"line":69,"column":8},"end":{"line":69,"column":22}},"3":{"start":{"line":86,"column":8},"end":{"line":86,"column":17}},"4":{"start":{"line":93,"column":8},"end":{"line":93,"column":27}},"5":{"start":{"line":106,"column":8},"end":{"line":106,"column":33}},"6":{"start":{"line":123,"column":8},"end":{"line":123,"column":36}},"7":{"start":{"line":124,"column":8},"end":{"line":124,"column":35}},"8":{"start":{"line":125,"column":8},"end":{"line":125,"column":19}},"9":{"start":{"line":138,"column":8},"end":{"line":138,"column":42}},"10":{"start":{"line":157,"column":8},"end":{"line":157,"column":36}},"11":{"start":{"line":158,"column":8},"end":{"line":158,"column":39}},"12":{"start":{"line":159,"column":8},"end":{"line":159,"column":19}},"13":{"start":{"line":183,"column":8},"end":{"line":183,"column":38}},"14":{"start":{"line":184,"column":8},"end":{"line":184,"column":45}},"15":{"start":{"line":185,"column":8},"end":{"line":185,"column":34}},"16":{"start":{"line":186,"column":8},"end":{"line":186,"column":19}},"17":{"start":{"line":206,"column":8},"end":{"line":206,"column":36}},"18":{"start":{"line":207,"column":8},"end":{"line":207,"column":71}},"19":{"start":{"line":208,"column":8},"end":{"line":208,"column":19}},"20":{"start":{"line":230,"column":8},"end":{"line":230,"column":36}},"21":{"start":{"line":231,"column":8},"end":{"line":231,"column":60}},"22":{"start":{"line":232,"column":8},"end":{"line":232,"column":6969}},"23":{"start":{"line":237,"column":12},"end":{"line":237,"column":71}},"24":{"start":{"line":240,"column":8},"end":{"line":240,"column":19}},"25":{"start":{"line":262,"column":8},"end":{"line":262,"column":75}},"26":{"start":{"line":263,"column":8},"end":{"line":263,"column":71}},"27":{"start":{"line":265,"column":8},"end":{"line":265,"column":45}},"28":{"start":{"line":267,"column":8},"end":{"line":267,"column":45}},"29":{"start":{"line":268,"column":8},"end":{"line":268,"column":8042}},"30":{"start":{"line":277,"column":8},"end":{"line":277,"column":39}},"31":{"start":{"line":279,"column":8},"end":{"line":279,"column":44}},"32":{"start":{"line":292,"column":8},"end":{"line":292,"column":72}},"33":{"start":{"line":294,"column":8},"end":{"line":294,"column":56}},"34":{"start":{"line":298,"column":8},"end":{"line":298,"column":50}},"35":{"start":{"line":300,"column":8},"end":{"line":300,"column":55}},"36":{"start":{"line":315,"column":8},"end":{"line":315,"column":74}},"37":{"start":{"line":317,"column":8},"end":{"line":317,"column":56}},"38":{"start":{"line":319,"column":8},"end":{"line":319,"column":51}},"39":{"start":{"line":320,"column":8},"end":{"line":320,"column":78}},"40":{"start":{"line":326,"column":8},"end":{"line":326,"column":50}},"41":{"start":{"line":328,"column":8},"end":{"line":328,"column":55}},"42":{"start":{"line":349,"column":8},"end":{"line":349,"column":75}},"43":{"start":{"line":350,"column":8},"end":{"line":350,"column":75}},"44":{"start":{"line":353,"column":8},"end":{"line":353,"column":45}},"45":{"start":{"line":369,"column":8},"end":{"line":369,"column":60}},"46":{"start":{"line":370,"column":8},"end":{"line":370,"column":11187}},"47":{"start":{"line":371,"column":12},"end":{"line":371,"column":11248}},"48":{"start":{"line":376,"column":16},"end":{"line":376,"column":66}}},"branchMap":{"1":{"line":232,"type":"if","locations":[{"start":{"line":232,"column":8},"end":{"line":232,"column":8}},{"start":{"line":232,"column":8},"end":{"line":232,"column":8}}]},"2":{"line":262,"type":"if","locations":[{"start":{"line":262,"column":8},"end":{"line":262,"column":8}},{"start":{"line":262,"column":8},"end":{"line":262,"column":8}}]},"3":{"line":263,"type":"if","locations":[{"start":{"line":263,"column":8},"end":{"line":263,"column":8}},{"start":{"line":263,"column":8},"end":{"line":263,"column":8}}]},"4":{"line":268,"type":"if","locations":[{"start":{"line":268,"column":8},"end":{"line":268,"column":8}},{"start":{"line":268,"column":8},"end":{"line":268,"column":8}}]},"5":{"line":292,"type":"if","locations":[{"start":{"line":292,"column":8},"end":{"line":292,"column":8}},{"start":{"line":292,"column":8},"end":{"line":292,"column":8}}]},"6":{"line":315,"type":"if","locations":[{"start":{"line":315,"column":8},"end":{"line":315,"column":8}},{"start":{"line":315,"column":8},"end":{"line":315,"column":8}}]},"7":{"line":320,"type":"if","locations":[{"start":{"line":320,"column":8},"end":{"line":320,"column":8}},{"start":{"line":320,"column":8},"end":{"line":320,"column":8}}]},"8":{"line":349,"type":"if","locations":[{"start":{"line":349,"column":8},"end":{"line":349,"column":8}},{"start":{"line":349,"column":8},"end":{"line":349,"column":8}}]},"9":{"line":350,"type":"if","locations":[{"start":{"line":350,"column":8},"end":{"line":350,"column":8}},{"start":{"line":350,"column":8},"end":{"line":350,"column":8}}]},"10":{"line":370,"type":"if","locations":[{"start":{"line":370,"column":8},"end":{"line":370,"column":8}},{"start":{"line":370,"column":8},"end":{"line":370,"column":8}}]},"11":{"line":371,"type":"if","locations":[{"start":{"line":371,"column":12},"end":{"line":371,"column":12}},{"start":{"line":371,"column":12},"end":{"line":371,"column":12}}]}}},
"contracts/lib/ERC20Ownable.sol":{"l":{"14":3},"path":"/Users/chris/Workspace/sooho/stayking-beta/contracts/lib/ERC20Ownable.sol","s":{"1":3},"b":{"1":[3,0]},"f":{"1":3,"2":3},"fnMap":{"1":{"name":"constructor","line":10,"loc":{"start":{"line":9,"column":4},"end":{"line":11,"column":5}}},"2":{"name":"mint","line":13,"loc":{"start":{"line":13,"column":4},"end":{"line":15,"column":4}}}},"statementMap":{"1":{"start":{"line":14,"column":8},"end":{"line":14,"column":29}}},"branchMap":{"1":{"line":13,"type":"if","locations":[{"start":{"line":13,"column":58},"end":{"line":13,"column":58}},{"start":{"line":13,"column":58},"end":{"line":13,"column":58}}]}}},
"contracts/lib/ERC20Upgradeable.sol":{"l":{"57":3,"64":3,"65":3,"72":0,"80":0,"97":0,"104":4,"117":3,"134":0,"135":0,"136":0,"149":0,"168":0,"169":0,"170":0,"194":0,"195":0,"196":0,"197":0,"217":0,"218":0,"219":0,"241":0,"242":0,"243":0,"247":0,"248":0,"251":0,"273":0,"274":0,"276":0,"278":0,"279":0,"283":0,"284":0,"286":0,"288":0,"290":0,"303":2,"305":2,"307":2,"308":2,"309":2,"311":2,"326":2,"328":2,"330":2,"331":2,"332":1,"333":1,"335":1,"337":1,"339":1,"360":0,"361":0,"363":0,"364":0,"380":0,"381":0,"382":0,"386":0,"387":0},"path":"/Users/chris/Workspace/sooho/stayking-beta/contracts/lib/ERC20Upgradeable.sol","s":{"1":3,"2":0,"3":0,"4":0,"5":4,"6":3,"7":0,"8":0,"9":0,"10":0,"11":0,"12":0,"13":0,"14":0,"15":0,"16":0,"17":0,"18":0,"19":0,"20":0,"21":0,"22":0,"23":0,"24":0,"25":0,"26":0,"27":0,"28":0,"29":0,"30":0,"31":0,"32":0,"33":2,"34":2,"35":2,"36":2,"37":2,"38":2,"39":2,"40":2,"41":1,"42":1,"43":0,"44":0,"45":0,"46":0,"47":0,"48":0,"49":0},"b":{"1":[3,0],"2":[3,0],"3":[0,0],"4":[0,0],"5":[0,0],"6":[0,0],"7":[2,0],"8":[2,0],"9":[1,1],"10":[0,0],"11":[0,0],"12":[0,0],"13":[0,0]},"f":{"1":3,"2":3,"3":0,"4":0,"5":0,"6":4,"7":3,"8":0,"9":0,"10":0,"11":0,"12":0,"13":0,"14":0,"15":2,"16":2,"17":0,"18":0,"19":4,"20":3},"fnMap":{"1":{"name":"__ERC20_init","line":55,"loc":{"start":{"line":53,"column":4},"end":{"line":58,"column":4}}},"2":{"name":"__ERC20_init_unchained","line":62,"loc":{"start":{"line":60,"column":4},"end":{"line":66,"column":4}}},"3":{"name":"name","line":71,"loc":{"start":{"line":71,"column":4},"end":{"line":73,"column":4}}},"4":{"name":"symbol","line":79,"loc":{"start":{"line":79,"column":4},"end":{"line":81,"column":4}}},"5":{"name":"decimals","line":96,"loc":{"start":{"line":96,"column":4},"end":{"line":98,"column":4}}},"6":{"name":"totalSupply","line":103,"loc":{"start":{"line":103,"column":4},"end":{"line":105,"column":4}}},"7":{"name":"balanceOf","line":110,"loc":{"start":{"line":110,"column":4},"end":{"line":118,"column":4}}},"8":{"name":"transfer","line":128,"loc":{"start":{"line":128,"column":4},"end":{"line":137,"column":4}}},"9":{"name":"allowance","line":142,"loc":{"start":{"line":142,"column":4},"end":{"line":150,"column":4}}},"10":{"name":"approve","line":162,"loc":{"start":{"line":162,"column":4},"end":{"line":171,"column":4}}},"11":{"name":"transferFrom","line":189,"loc":{"start":{"line":189,"column":4},"end":{"line":198,"column":4}}},"12":{"name":"increaseAllowance","line":212,"loc":{"start":{"line":212,"column":4},"end":{"line":220,"column":4}}},"13":{"name":"decreaseAllowance","line":236,"loc":{"start":{"line":236,"column":4},"end":{"line":252,"column":4}}},"14":{"name":"_transfer","line":268,"loc":{"start":{"line":268,"column":4},"end":{"line":291,"column":4}}},"15":{"name":"_mint","line":302,"loc":{"start":{"line":302,"column":4},"end":{"line":312,"column":4}}},"16":{"name":"_burn","line":325,"loc":{"start":{"line":325,"column":4},"end":{"line":340,"column":4}}},"17":{"name":"_approve","line":355,"loc":{"start":{"line":355,"column":4},"end":{"line":365,"column":4}}},"18":{"name":"_spendAllowance","line":375,"loc":{"start":{"line":375,"column":4},"end":{"line":390,"column":4}}},"19":{"name":"_beforeTokenTransfer","line":406,"loc":{"start":{"line":406,"column":4},"end":{"line":410,"column":24}}},"20":{"name":"_afterTokenTransfer","line":426,"loc":{"start":{"line":426,"column":4},"end":{"line":430,"column":24}}}},"statementMap":{"1":{"start":{"line":57,"column":8},"end":{"line":57,"column":45}},"2":{"start":{"line":72,"column":8},"end":{"line":72,"column":20}},"3":{"start":{"line":80,"column":8},"end":{"line":80,"column":22}},"4":{"start":{"line":97,"column":8},"end":{"line":97,"column":17}},"5":{"start":{"line":104,"column":8},"end":{"line":104,"column":27}},"6":{"start":{"line":117,"column":8},"end":{"line":117,"column":33}},"7":{"start":{"line":134,"column":8},"end":{"line":134,"column":36}},"8":{"start":{"line":135,"column":8},"end":{"line":135,"column":35}},"9":{"start":{"line":136,"column":8},"end":{"line":136,"column":19}},"10":{"start":{"line":149,"column":8},"end":{"line":149,"column":42}},"11":{"start":{"line":168,"column":8},"end":{"line":168,"column":36}},"12":{"start":{"line":169,"column":8},"end":{"line":169,"column":39}},"13":{"start":{"line":170,"column":8},"end":{"line":170,"column":19}},"14":{"start":{"line":194,"column":8},"end":{"line":194,"column":38}},"15":{"start":{"line":195,"column":8},"end":{"line":195,"column":45}},"16":{"start":{"line":196,"column":8},"end":{"line":196,"column":34}},"17":{"start":{"line":197,"column":8},"end":{"line":197,"column":19}},"18":{"start":{"line":217,"column":8},"end":{"line":217,"column":36}},"19":{"start":{"line":218,"column":8},"end":{"line":218,"column":71}},"20":{"start":{"line":219,"column":8},"end":{"line":219,"column":19}},"21":{"start":{"line":241,"column":8},"end":{"line":241,"column":36}},"22":{"start":{"line":242,"column":8},"end":{"line":242,"column":60}},"23":{"start":{"line":243,"column":8},"end":{"line":243,"column":7286}},"24":{"start":{"line":248,"column":12},"end":{"line":248,"column":71}},"25":{"start":{"line":251,"column":8},"end":{"line":251,"column":19}},"26":{"start":{"line":273,"column":8},"end":{"line":273,"column":75}},"27":{"start":{"line":274,"column":8},"end":{"line":274,"column":71}},"28":{"start":{"line":276,"column":8},"end":{"line":276,"column":45}},"29":{"start":{"line":278,"column":8},"end":{"line":278,"column":45}},"30":{"start":{"line":279,"column":8},"end":{"line":279,"column":8359}},"31":{"start":{"line":288,"column":8},"end":{"line":288,"column":39}},"32":{"start":{"line":290,"column":8},"end":{"line":290,"column":44}},"33":{"start":{"line":303,"column":8},"end":{"line":303,"column":72}},"34":{"start":{"line":305,"column":8},"end":{"line":305,"column":56}},"35":{"start":{"line":309,"column":8},"end":{"line":309,"column":50}},"36":{"start":{"line":311,"column":8},"end":{"line":311,"column":55}},"37":{"start":{"line":326,"column":8},"end":{"line":326,"column":74}},"38":{"start":{"line":328,"column":8},"end":{"line":328,"column":56}},"39":{"start":{"line":330,"column":8},"end":{"line":330,"column":51}},"40":{"start":{"line":331,"column":8},"end":{"line":331,"column":78}},"41":{"start":{"line":337,"column":8},"end":{"line":337,"column":50}},"42":{"start":{"line":339,"column":8},"end":{"line":339,"column":55}},"43":{"start":{"line":360,"column":8},"end":{"line":360,"column":75}},"44":{"start":{"line":361,"column":8},"end":{"line":361,"column":75}},"45":{"start":{"line":364,"column":8},"end":{"line":364,"column":45}},"46":{"start":{"line":380,"column":8},"end":{"line":380,"column":60}},"47":{"start":{"line":381,"column":8},"end":{"line":381,"column":11504}},"48":{"start":{"line":382,"column":12},"end":{"line":382,"column":11565}},"49":{"start":{"line":387,"column":16},"end":{"line":387,"column":66}}},"branchMap":{"1":{"line":55,"type":"if","locations":[{"start":{"line":55,"column":8},"end":{"line":55,"column":8}},{"start":{"line":55,"column":8},"end":{"line":55,"column":8}}]},"2":{"line":62,"type":"if","locations":[{"start":{"line":62,"column":8},"end":{"line":62,"column":8}},{"start":{"line":62,"column":8},"end":{"line":62,"column":8}}]},"3":{"line":243,"type":"if","locations":[{"start":{"line":243,"column":8},"end":{"line":243,"column":8}},{"start":{"line":243,"column":8},"end":{"line":243,"column":8}}]},"4":{"line":273,"type":"if","locations":[{"start":{"line":273,"column":8},"end":{"line":273,"column":8}},{"start":{"line":273,"column":8},"end":{"line":273,"column":8}}]},"5":{"line":274,"type":"if","locations":[{"start":{"line":274,"column":8},"end":{"line":274,"column":8}},{"start":{"line":274,"column":8},"end":{"line":274,"column":8}}]},"6":{"line":279,"type":"if","locations":[{"start":{"line":279,"column":8},"end":{"line":279,"column":8}},{"start":{"line":279,"column":8},"end":{"line":279,"column":8}}]},"7":{"line":303,"type":"if","locations":[{"start":{"line":303,"column":8},"end":{"line":303,"column":8}},{"start":{"line":303,"column":8},"end":{"line":303,"column":8}}]},"8":{"line":326,"type":"if","locations":[{"start":{"line":326,"column":8},"end":{"line":326,"column":8}},{"start":{"line":326,"column":8},"end":{"line":326,"column":8}}]},"9":{"line":331,"type":"if","locations":[{"start":{"line":331,"column":8},"end":{"line":331,"column":8}},{"start":{"line":331,"column":8},"end":{"line":331,"column":8}}]},"10":{"line":360,"type":"if","locations":[{"start":{"line":360,"column":8},"end":{"line":360,"column":8}},{"start":{"line":360,"column":8},"end":{"line":360,"column":8}}]},"11":{"line":361,"type":"if","locations":[{"start":{"line":361,"column":8},"end":{"line":361,"column":8}},{"start":{"line":361,"column":8},"end":{"line":361,"column":8}}]},"12":{"line":381,"type":"if","locations":[{"start":{"line":381,"column":8},"end":{"line":381,"column":8}},{"start":{"line":381,"column":8},"end":{"line":381,"column":8}}]},"13":{"line":382,"type":"if","locations":[{"start":{"line":382,"column":12},"end":{"line":382,"column":12}},{"start":{"line":382,"column":12},"end":{"line":382,"column":12}}]}}},
"contracts/lib/Initializable.sol":{"l":{"78":6,"79":6,"85":6,"86":6,"87":6,"89":6,"90":6,"91":6,"92":6,"109":0,"113":0,"114":0,"115":0,"116":0,"117":0,"125":24,"126":24,"136":0,"137":0,"138":0,"139":0},"path":"/Users/chris/Workspace/sooho/stayking-beta/contracts/lib/Initializable.sol","s":{"1":6,"2":6,"3":6,"4":6,"5":6,"6":0,"7":0,"8":24,"9":0,"10":0,"11":0},"b":{"1":[6,0],"2":[6,0],"3":[6,0],"4":[6,0],"5":[0,0],"6":[24,0],"7":[0,0],"8":[0,0]},"f":{"1":6,"2":0,"3":24,"4":0},"fnMap":{"1":{"name":"initializer","line":77,"loc":{"start":{"line":77,"column":4},"end":{"line":94,"column":4}}},"2":{"name":"reinitializer","line":108,"loc":{"start":{"line":108,"column":4},"end":{"line":118,"column":4}}},"3":{"name":"onlyInitializing","line":124,"loc":{"start":{"line":124,"column":4},"end":{"line":127,"column":4}}},"4":{"name":"_disableInitializers","line":135,"loc":{"start":{"line":135,"column":4},"end":{"line":141,"column":4}}}},"statementMap":{"1":{"start":{"line":78,"column":8},"end":{"line":78,"column":44}},"2":{"start":{"line":79,"column":8},"end":{"line":79,"column":3155}},"3":{"start":{"line":86,"column":8},"end":{"line":86,"column":3428}},"4":{"start":{"line":90,"column":8},"end":{"line":90,"column":3513}},"5":{"start":{"line":92,"column":12},"end":{"line":92,"column":31}},"6":{"start":{"line":109,"column":8},"end":{"line":109,"column":4443}},"7":{"start":{"line":117,"column":8},"end":{"line":117,"column":33}},"8":{"start":{"line":125,"column":8},"end":{"line":125,"column":76}},"9":{"start":{"line":136,"column":8},"end":{"line":136,"column":73}},"10":{"start":{"line":137,"column":8},"end":{"line":137,"column":5591}},"11":{"start":{"line":139,"column":12},"end":{"line":139,"column":45}}},"branchMap":{"1":{"line":79,"type":"if","locations":[{"start":{"line":79,"column":8},"end":{"line":79,"column":8}},{"start":{"line":79,"column":8},"end":{"line":79,"column":8}}]},"2":{"line":80,"type":"cond-expr","locations":[{"start":{"line":80,"column":12},"end":{"line":80,"column":47}},{"start":{"line":81,"column":16},"end":{"line":82,"column":37}}]},"3":{"line":86,"type":"if","locations":[{"start":{"line":86,"column":8},"end":{"line":86,"column":8}},{"start":{"line":86,"column":8},"end":{"line":86,"column":8}}]},"4":{"line":90,"type":"if","locations":[{"start":{"line":90,"column":8},"end":{"line":90,"column":8}},{"start":{"line":90,"column":8},"end":{"line":90,"column":8}}]},"5":{"line":109,"type":"if","locations":[{"start":{"line":109,"column":8},"end":{"line":109,"column":8}},{"start":{"line":109,"column":8},"end":{"line":109,"column":8}}]},"6":{"line":125,"type":"if","locations":[{"start":{"line":125,"column":8},"end":{"line":125,"column":8}},{"start":{"line":125,"column":8},"end":{"line":125,"column":8}}]},"7":{"line":136,"type":"if","locations":[{"start":{"line":136,"column":8},"end":{"line":136,"column":8}},{"start":{"line":136,"column":8},"end":{"line":136,"column":8}}]},"8":{"line":137,"type":"if","locations":[{"start":{"line":137,"column":8},"end":{"line":137,"column":8}},{"start":{"line":137,"column":8},"end":{"line":137,"column":8}}]}}},
"contracts/lib/interface/IERC20.sol":{"l":{},"path":"/Users/chris/Workspace/sooho/stayking-beta/contracts/lib/interface/IERC20.sol","s":{},"b":{},"f":{},"fnMap":{},"statementMap":{},"branchMap":{}},
"contracts/lib/Ownable.sol":{"l":{"31":6,"38":3,"39":3,"46":3,"53":3,"64":0,"72":0,"76":0,"84":6,"85":6,"86":6},"path":"/Users/chris/Workspace/sooho/stayking-beta/contracts/lib/Ownable.sol","s":{"1":6,"2":3,"3":3,"4":3,"5":0,"6":0,"7":0,"8":6,"9":6},"b":{"1":[3,0],"2":[0,0],"3":[0,0],"4":[0,0]},"f":{"1":6,"2":3,"3":3,"4":3,"5":0,"6":0,"7":6},"fnMap":{"1":{"name":"constructor","line":30,"loc":{"start":{"line":30,"column":4},"end":{"line":32,"column":4}}},"2":{"name":"onlyOwner","line":37,"loc":{"start":{"line":37,"column":4},"end":{"line":40,"column":4}}},"3":{"name":"owner","line":45,"loc":{"start":{"line":45,"column":4},"end":{"line":47,"column":4}}},"4":{"name":"_checkOwner","line":52,"loc":{"start":{"line":52,"column":4},"end":{"line":54,"column":4}}},"5":{"name":"renounceOwnership","line":63,"loc":{"start":{"line":63,"column":4},"end":{"line":65,"column":4}}},"6":{"name":"transferOwnership","line":71,"loc":{"start":{"line":71,"column":4},"end":{"line":77,"column":4}}},"7":{"name":"_transferOwnership","line":83,"loc":{"start":{"line":83,"column":4},"end":{"line":87,"column":4}}}},"statementMap":{"1":{"start":{"line":31,"column":8},"end":{"line":31,"column":39}},"2":{"start":{"line":38,"column":8},"end":{"line":38,"column":20}},"3":{"start":{"line":46,"column":8},"end":{"line":46,"column":21}},"4":{"start":{"line":53,"column":8},"end":{"line":53,"column":75}},"5":{"start":{"line":64,"column":8},"end":{"line":64,"column":37}},"6":{"start":{"line":72,"column":8},"end":{"line":72,"column":2184}},"7":{"start":{"line":76,"column":8},"end":{"line":76,"column":35}},"8":{"start":{"line":84,"column":8},"end":{"line":84,"column":33}},"9":{"start":{"line":86,"column":8},"end":{"line":86,"column":53}}},"branchMap":{"1":{"line":53,"type":"if","locations":[{"start":{"line":53,"column":8},"end":{"line":53,"column":8}},{"start":{"line":53,"column":8},"end":{"line":53,"column":8}}]},"2":{"line":63,"type":"if","locations":[{"start":{"line":63,"column":48},"end":{"line":63,"column":48}},{"start":{"line":63,"column":48},"end":{"line":63,"column":48}}]},"3":{"line":71,"type":"if","locations":[{"start":{"line":71,"column":64},"end":{"line":71,"column":64}},{"start":{"line":71,"column":64},"end":{"line":71,"column":64}}]},"4":{"line":72,"type":"if","locations":[{"start":{"line":72,"column":8},"end":{"line":72,"column":8}},{"start":{"line":72,"column":8},"end":{"line":72,"column":8}}]}}},
"contracts/lib/OwnableUpgradeable.sol":{"l":{"32":6,"36":6,"43":15,"44":15,"51":15,"58":15,"69":0,"77":0,"81":0,"89":6,"90":6,"91":6},"path":"/Users/chris/Workspace/sooho/stayking-beta/contracts/lib/OwnableUpgradeable.sol","s":{"1":6,"2":6,"3":15,"4":15,"5":15,"6":0,"7":0,"8":0,"9":6,"10":6},"b":{"1":[6,0],"2":[6,0],"3":[15,0],"4":[0,0],"5":[0,0],"6":[0,0]},"f":{"1":6,"2":6,"3":15,"4":15,"5":15,"6":0,"7":0,"8":6},"fnMap":{"1":{"name":"__Ownable_init","line":31,"loc":{"start":{"line":31,"column":4},"end":{"line":33,"column":4}}},"2":{"name":"__Ownable_init_unchained","line":35,"loc":{"start":{"line":35,"column":4},"end":{"line":37,"column":4}}},"3":{"name":"onlyOwner","line":42,"loc":{"start":{"line":42,"column":4},"end":{"line":45,"column":4}}},"4":{"name":"owner","line":50,"loc":{"start":{"line":50,"column":4},"end":{"line":52,"column":4}}},"5":{"name":"_checkOwner","line":57,"loc":{"start":{"line":57,"column":4},"end":{"line":59,"column":4}}},"6":{"name":"renounceOwnership","line":68,"loc":{"start":{"line":68,"column":4},"end":{"line":70,"column":4}}},"7":{"name":"transferOwnership","line":76,"loc":{"start":{"line":76,"column":4},"end":{"line":82,"column":4}}},"8":{"name":"_transferOwnership","line":88,"loc":{"start":{"line":88,"column":4},"end":{"line":92,"column":4}}}},"statementMap":{"1":{"start":{"line":32,"column":8},"end":{"line":32,"column":33}},"2":{"start":{"line":36,"column":8},"end":{"line":36,"column":39}},"3":{"start":{"line":43,"column":8},"end":{"line":43,"column":20}},"4":{"start":{"line":51,"column":8},"end":{"line":51,"column":21}},"5":{"start":{"line":58,"column":8},"end":{"line":58,"column":75}},"6":{"start":{"line":69,"column":8},"end":{"line":69,"column":37}},"7":{"start":{"line":77,"column":8},"end":{"line":77,"column":2411}},"8":{"start":{"line":81,"column":8},"end":{"line":81,"column":35}},"9":{"start":{"line":89,"column":8},"end":{"line":89,"column":33}},"10":{"start":{"line":91,"column":8},"end":{"line":91,"column":53}}},"branchMap":{"1":{"line":31,"type":"if","locations":[{"start":{"line":31,"column":39},"end":{"line":31,"column":39}},{"start":{"line":31,"column":39},"end":{"line":31,"column":39}}]},"2":{"line":35,"type":"if","locations":[{"start":{"line":35,"column":49},"end":{"line":35,"column":49}},{"start":{"line":35,"column":49},"end":{"line":35,"column":49}}]},"3":{"line":58,"type":"if","locations":[{"start":{"line":58,"column":8},"end":{"line":58,"column":8}},{"start":{"line":58,"column":8},"end":{"line":58,"column":8}}]},"4":{"line":68,"type":"if","locations":[{"start":{"line":68,"column":48},"end":{"line":68,"column":48}},{"start":{"line":68,"column":48},"end":{"line":68,"column":48}}]},"5":{"line":76,"type":"if","locations":[{"start":{"line":76,"column":64},"end":{"line":76,"column":64}},{"start":{"line":76,"column":64},"end":{"line":76,"column":64}}]},"6":{"line":77,"type":"if","locations":[{"start":{"line":77,"column":8},"end":{"line":77,"column":8}},{"start":{"line":77,"column":8},"end":{"line":77,"column":8}}]}}},
"contracts/lib/ReentrancyGuardUpgradeable.sol":{"l":{"40":3,"44":3,"56":0,"59":0,"61":0,"65":0},"path":"/Users/chris/Workspace/sooho/stayking-beta/contracts/lib/ReentrancyGuardUpgradeable.sol","s":{"1":3,"2":0},"b":{"1":[3,0],"2":[3,0],"3":[0,0]},"f":{"1":3,"2":3,"3":0},"fnMap":{"1":{"name":"__ReentrancyGuard_init","line":39,"loc":{"start":{"line":39,"column":4},"end":{"line":41,"column":4}}},"2":{"name":"__ReentrancyGuard_init_unchained","line":43,"loc":{"start":{"line":43,"column":4},"end":{"line":45,"column":4}}},"3":{"name":"nonReentrant","line":54,"loc":{"start":{"line":54,"column":4},"end":{"line":66,"column":4}}}},"statementMap":{"1":{"start":{"line":40,"column":8},"end":{"line":40,"column":41}},"2":{"start":{"line":56,"column":8},"end":{"line":56,"column":70}}},"branchMap":{"1":{"line":39,"type":"if","locations":[{"start":{"line":39,"column":47},"end":{"line":39,"column":47}},{"start":{"line":39,"column":47},"end":{"line":39,"column":47}}]},"2":{"line":43,"type":"if","locations":[{"start":{"line":43,"column":57},"end":{"line":43,"column":57}},{"start":{"line":43,"column":57},"end":{"line":43,"column":57}}]},"3":{"line":56,"type":"if","locations":[{"start":{"line":56,"column":8},"end":{"line":56,"column":8}},{"start":{"line":56,"column":8},"end":{"line":56,"column":8}}]}}},
"contracts/lib/utils/SafeToken.sol":{"l":{"12":1,"15":1,"27":1,"30":1,"43":5,"47":5,"54":0,"55":0},"path":"/Users/chris/Workspace/sooho/stayking-beta/contracts/lib/utils/SafeToken.sol","s":{"1":1,"2":1,"3":1,"4":1,"5":5,"6":5,"7":0,"8":0},"b":{"1":[1,0],"2":[0,1],"3":[1,0],"4":[0,1],"5":[2,3],"6":[0,2],"7":[0,0]},"f":{"1":1,"2":1,"3":5,"4":0},"fnMap":{"1":{"name":"safeApprove","line":6,"loc":{"start":{"line":6,"column":4},"end":{"line":19,"column":4}}},"2":{"name":"safeTransfer","line":21,"loc":{"start":{"line":21,"column":4},"end":{"line":34,"column":4}}},"3":{"name":"safeTransferFrom","line":36,"loc":{"start":{"line":36,"column":4},"end":{"line":51,"column":4}}},"4":{"name":"safeTransferEVMOS","line":53,"loc":{"start":{"line":53,"column":4},"end":{"line":56,"column":4}}}},"statementMap":{"1":{"start":{"line":12,"column":8},"end":{"line":12,"column":269}},"2":{"start":{"line":15,"column":8},"end":{"line":15,"column":393}},"3":{"start":{"line":27,"column":8},"end":{"line":27,"column":702}},"4":{"start":{"line":30,"column":8},"end":{"line":30,"column":826}},"5":{"start":{"line":43,"column":8},"end":{"line":43,"column":1174}},"6":{"start":{"line":47,"column":8},"end":{"line":47,"column":1305}},"7":{"start":{"line":54,"column":8},"end":{"line":54,"column":62}},"8":{"start":{"line":55,"column":8},"end":{"line":55,"column":45}}},"branchMap":{"1":{"line":15,"type":"if","locations":[{"start":{"line":15,"column":8},"end":{"line":15,"column":8}},{"start":{"line":15,"column":8},"end":{"line":15,"column":8}}]},"2":{"line":16,"type":"cond-expr","locations":[{"start":{"line":16,"column":24},"end":{"line":16,"column":39}},{"start":{"line":16,"column":44},"end":{"line":16,"column":67}}]},"3":{"line":30,"type":"if","locations":[{"start":{"line":30,"column":8},"end":{"line":30,"column":8}},{"start":{"line":30,"column":8},"end":{"line":30,"column":8}}]},"4":{"line":31,"type":"cond-expr","locations":[{"start":{"line":31,"column":24},"end":{"line":31,"column":39}},{"start":{"line":31,"column":44},"end":{"line":31,"column":67}}]},"5":{"line":47,"type":"if","locations":[{"start":{"line":47,"column":8},"end":{"line":47,"column":8}},{"start":{"line":47,"column":8},"end":{"line":47,"column":8}}]},"6":{"line":48,"type":"cond-expr","locations":[{"start":{"line":48,"column":24},"end":{"line":48,"column":39}},{"start":{"line":48,"column":44},"end":{"line":48,"column":67}}]},"7":{"line":55,"type":"if","locations":[{"start":{"line":55,"column":8},"end":{"line":55,"column":8}},{"start":{"line":55,"column":8},"end":{"line":55,"column":8}}]}}},
"contracts/mock/MockSwap.sol":{"l":{"24":3,"25":6,"28":3,"36":1,"46":1,"57":1,"58":0,"60":1,"63":0,"64":0,"65":0,"67":0,"73":0,"77":0,"78":0},"path":"/Users/chris/Workspace/sooho/stayking-beta/contracts/mock/MockSwap.sol","s":{"1":3,"2":1,"3":0,"4":1,"5":1,"6":0,"7":1,"8":1,"9":0,"10":0,"11":0,"12":1,"13":0,"14":1,"15":0,"16":0,"17":0,"18":0,"19":0},"b":{"1":[0,1],"2":[1,0],"3":[1,0],"4":[0,0],"5":[0,1],"6":[0,0],"7":[0,0],"8":[0,0],"9":[0,0],"10":[0,0]},"f":{"1":3,"2":1,"3":1,"4":1,"5":0,"6":0,"7":0},"fnMap":{"1":{"name":"constructor","line":23,"loc":{"start":{"line":23,"column":4},"end":{"line":29,"column":4}}},"2":{"name":"getDx","line":31,"loc":{"start":{"line":31,"column":4},"end":{"line":39,"column":4}}},"3":{"name":"getDy","line":41,"loc":{"start":{"line":41,"column":4},"end":{"line":49,"column":4}}},"4":{"name":"exchange","line":51,"loc":{"start":{"line":51,"column":4},"end":{"line":69,"column":4}}},"5":{"name":"sweep","line":72,"loc":{"start":{"line":72,"column":4},"end":{"line":74,"column":4}}},"6":{"name":"changeRatio","line":76,"loc":{"start":{"line":76,"column":4},"end":{"line":79,"column":4}}},"7":{"name":null,"line":81,"loc":{"start":{"line":81,"column":4},"end":{"line":81,"column":33}}}},"statementMap":{"1":{"start":{"line":24,"column":8},"end":{"line":24,"column":660}},"2":{"start":{"line":36,"column":8},"end":{"line":36,"column":945}},"3":{"start":{"line":36,"column":34},"end":{"line":36,"column":67}},"4":{"start":{"line":37,"column":13},"end":{"line":37,"column":1019}},"5":{"start":{"line":37,"column":39},"end":{"line":37,"column":72}},"6":{"start":{"line":38,"column":13},"end":{"line":38,"column":22}},"7":{"start":{"line":46,"column":8},"end":{"line":46,"column":1244}},"8":{"start":{"line":46,"column":34},"end":{"line":46,"column":67}},"9":{"start":{"line":47,"column":13},"end":{"line":47,"column":1318}},"10":{"start":{"line":47,"column":39},"end":{"line":47,"column":72}},"11":{"start":{"line":48,"column":13},"end":{"line":48,"column":22}},"12":{"start":{"line":57,"column":8},"end":{"line":57,"column":1567}},"13":{"start":{"line":58,"column":12},"end":{"line":58,"column":64}},"14":{"start":{"line":60,"column":12},"end":{"line":60,"column":76}},"15":{"start":{"line":64,"column":8},"end":{"line":64,"column":1817}},"16":{"start":{"line":65,"column":12},"end":{"line":65,"column":54}},"17":{"start":{"line":67,"column":12},"end":{"line":67,"column":57}},"18":{"start":{"line":73,"column":8},"end":{"line":73,"column":69}},"19":{"start":{"line":77,"column":8},"end":{"line":77,"column":45}}},"branchMap":{"1":{"line":36,"type":"if","locations":[{"start":{"line":36,"column":8},"end":{"line":36,"column":8}},{"start":{"line":36,"column":8},"end":{"line":36,"column":8}}]},"2":{"line":37,"type":"if","locations":[{"start":{"line":37,"column":13},"end":{"line":37,"column":13}},{"start":{"line":37,"column":13},"end":{"line":37,"column":13}}]},"3":{"line":46,"type":"if","locations":[{"start":{"line":46,"column":8},"end":{"line":46,"column":8}},{"start":{"line":46,"column":8},"end":{"line":46,"column":8}}]},"4":{"line":47,"type":"if","locations":[{"start":{"line":47,"column":13},"end":{"line":47,"column":13}},{"start":{"line":47,"column":13},"end":{"line":47,"column":13}}]},"5":{"line":57,"type":"if","locations":[{"start":{"line":57,"column":8},"end":{"line":57,"column":8}},{"start":{"line":57,"column":8},"end":{"line":57,"column":8}}]},"6":{"line":58,"type":"if","locations":[{"start":{"line":58,"column":12},"end":{"line":58,"column":12}},{"start":{"line":58,"column":12},"end":{"line":58,"column":12}}]},"7":{"line":64,"type":"if","locations":[{"start":{"line":64,"column":8},"end":{"line":64,"column":8}},{"start":{"line":64,"column":8},"end":{"line":64,"column":8}}]},"8":{"line":72,"type":"if","locations":[{"start":{"line":72,"column":28},"end":{"line":72,"column":28}},{"start":{"line":72,"column":28},"end":{"line":72,"column":28}}]},"9":{"line":76,"type":"if","locations":[{"start":{"line":76,"column":50},"end":{"line":76,"column":50}},{"start":{"line":76,"column":50},"end":{"line":76,"column":50}}]},"10":{"line":77,"type":"if","locations":[{"start":{"line":77,"column":8},"end":{"line":77,"column":8}},{"start":{"line":77,"column":8},"end":{"line":77,"column":8}}]}}},
"contracts/mock/MockSwapHelper.sol":{"l":{"12":0,"20":0,"28":0,"37":0,"38":0,"39":0,"41":0,"42":0,"43":0,"46":0,"47":0,"49":0},"path":"/Users/chris/Workspace/sooho/stayking-beta/contracts/mock/MockSwapHelper.sol","s":{"1":0,"2":0,"3":0,"4":0,"5":0,"6":0,"7":0,"8":0,"9":0},"b":{"1":[0,0],"2":[0,0],"3":[0,0]},"f":{"1":0,"2":0,"3":0,"4":0,"5":0},"fnMap":{"1":{"name":"constructor","line":11,"loc":{"start":{"line":11,"column":4},"end":{"line":13,"column":4}}},"2":{"name":"getDy","line":15,"loc":{"start":{"line":15,"column":4},"end":{"line":21,"column":4}}},"3":{"name":"getDx","line":23,"loc":{"start":{"line":23,"column":4},"end":{"line":29,"column":4}}},"4":{"name":"exchange","line":31,"loc":{"start":{"line":31,"column":4},"end":{"line":51,"column":4}}},"5":{"name":null,"line":53,"loc":{"start":{"line":53,"column":4},"end":{"line":53,"column":33}}}},"statementMap":{"1":{"start":{"line":20,"column":8},"end":{"line":20,"column":45}},"2":{"start":{"line":28,"column":8},"end":{"line":28,"column":45}},"3":{"start":{"line":37,"column":8},"end":{"line":37,"column":872}},"4":{"start":{"line":38,"column":12},"end":{"line":38,"column":64}},"5":{"start":{"line":41,"column":12},"end":{"line":41,"column":76}},"6":{"start":{"line":42,"column":12},"end":{"line":42,"column":59}},"7":{"start":{"line":46,"column":8},"end":{"line":46,"column":1273}},"8":{"start":{"line":47,"column":12},"end":{"line":47,"column":54}},"9":{"start":{"line":49,"column":12},"end":{"line":49,"column":57}}},"branchMap":{"1":{"line":37,"type":"if","locations":[{"start":{"line":37,"column":8},"end":{"line":37,"column":8}},{"start":{"line":37,"column":8},"end":{"line":37,"column":8}}]},"2":{"line":38,"type":"if","locations":[{"start":{"line":38,"column":12},"end":{"line":38,"column":12}},{"start":{"line":38,"column":12},"end":{"line":38,"column":12}}]},"3":{"line":46,"type":"if","locations":[{"start":{"line":46,"column":8},"end":{"line":46,"column":8}},{"start":{"line":46,"column":8},"end":{"line":46,"column":8}}]}}},
"contracts/Stayking.sol":{"l":{"124":0,"129":0,"133":0,"137":0,"145":3,"147":3,"148":3,"151":3,"160":3,"161":3,"162":3,"170":3,"171":3,"179":0,"181":0,"182":0,"183":0,"185":0,"190":0,"191":0,"192":0,"193":0,"194":0,"195":0,"196":0,"199":0,"200":0,"203":0,"205":0,"207":0,"218":3,"219":3,"220":3,"221":3,"222":3,"223":3,"224":3,"238":0,"239":0,"250":0,"251":0,"252":0,"253":0,"255":0,"257":0,"278":0,"280":0,"281":0,"282":0,"284":0,"288":0,"290":0,"292":0,"295":0,"303":0,"304":0,"313":0,"318":0,"330":0,"341":0,"342":0,"346":0,"348":0,"349":0,"356":0,"360":0,"362":0,"363":0,"364":0,"366":0,"368":0,"375":0,"376":0,"377":0,"379":0,"382":0,"384":0,"386":0,"393":0,"398":0,"407":0,"411":0,"428":0,"441":0,"443":0,"444":0,"445":0,"447":0,"462":0,"463":0,"464":0,"502":0,"503":0,"504":0,"506":0,"508":0,"509":0,"511":0,"515":0,"516":0,"520":0,"527":0,"528":0,"530":0,"531":0,"533":0,"534":0,"538":0,"539":0,"540":0,"542":0,"545":0,"548":0,"553":0,"565":0,"567":0,"573":0,"575":0,"577":0,"580":0,"581":0,"582":0,"583":0,"586":0,"615":0,"616":0,"617":0,"619":0,"621":0,"622":0,"631":0,"632":0,"634":0,"636":0,"637":0,"642":0,"651":0,"652":0,"653":0,"655":0,"656":0,"657":0,"660":0,"661":0,"670":0,"672":0,"682":0,"695":0,"697":0,"698":0,"699":0,"700":0,"703":0,"704":0,"706":0,"726":0,"730":0,"733":0,"734":0,"737":0,"738":0,"740":0,"741":0,"742":0,"743":0,"746":0,"748":0,"750":0,"751":0,"752":0,"757":0,"758":0,"759":0,"760":0,"762":0,"763":0,"766":0,"770":0,"773":0,"775":0,"778":0,"781":0,"784":0,"787":0,"788":0,"789":0,"790":0,"793":0,"798":0,"799":0,"801":0},"path":"/Users/chris/Workspace/sooho/stayking-beta/contracts/Stayking.sol","s":{"1":0,"2":0,"3":3,"4":3,"5":3,"6":3,"7":3,"8":0,"9":0,"10":0,"11":0,"12":0,"13":0,"14":0,"15":0,"16":0,"17":0,"18":0,"19":0,"20":3,"21":0,"22":0,"23":0,"24":0,"25":0,"26":0,"27":0,"28":0,"29":0,"30":0,"31":0,"32":0,"33":0,"34":0,"35":0,"36":0,"37":0,"38":0,"39":0,"40":0,"41":0,"42":0,"43":0,"44":0,"45":0,"46":0,"47":0,"48":0,"49":0,"50":0,"51":0,"52":0,"53":0,"54":0,"55":0,"56":0,"57":0,"58":0,"59":0,"60":0,"61":0,"62":0,"63":0,"64":0,"65":0,"66":0,"67":0,"68":0,"69":0,"70":0,"71":0,"72":0,"73":0,"74":0,"75":0,"76":0,"77":0,"78":0,"79":0,"80":0,"81":0,"82":0,"83":0,"84":0,"85":0,"86":0,"87":0,"88":0,"89":0,"90":0,"91":0,"92":0,"93":0,"94":0,"95":0,"96":0,"97":0,"98":0,"99":0,"100":0,"101":0,"102":0,"103":0,"104":0,"105":0,"106":0,"107":0,"108":0,"109":0,"110":0,"111":0,"112":0,"113":0,"114":0,"115":0,"116":0,"117":0,"118":0,"119":0,"120":0,"121":0,"122":0,"123":0,"124":0,"125":0,"126":0,"127":0,"128":0,"129":0,"130":0,"131":0,"132":0,"133":0,"134":0,"135":0,"136":0},"b":{"1":[0,0],"2":[0,0],"3":[3,0],"4":[3,0],"5":[0,0],"6":[0,0],"7":[0,0],"8":[0,0],"9":[3,0],"10":[0,0],"11":[0,0],"12":[0,0],"13":[0,0],"14":[0,0],"15":[0,0],"16":[0,0],"17":[0,0],"18":[0,0],"19":[0,0],"20":[0,0],"21":[0,0],"22":[0,0],"23":[0,0],"24":[0,0],"25":[0,0],"26":[0,0],"27":[0,0],"28":[0,0],"29":[0,0],"30":[0,0],"31":[0,0],"32":[0,0],"33":[0,0],"34":[0,0],"35":[0,0],"36":[0,0],"37":[0,0],"38":[0,0],"39":[0,0],"40":[0,0],"41":[0,0],"42":[0,0],"43":[0,0],"44":[0,0],"45":[0,0],"46":[0,0],"47":[0,0],"48":[0,0]},"f":{"1":0,"2":0,"3":3,"4":3,"5":0,"6":3,"7":0,"8":0,"9":0,"10":0,"11":0,"12":0,"13":0,"14":0,"15":0,"16":0,"17":0,"18":0,"19":0,"20":0,"21":0,"22":0,"23":0,"24":0,"25":0},"fnMap":{"1":{"name":"onlyDelegator","line":123,"loc":{"start":{"line":123,"column":4},"end":{"line":130,"column":4}}},"2":{"name":"onlyKiller","line":132,"loc":{"start":{"line":132,"column":4},"end":{"line":138,"column":4}}},"3":{"name":"__Stayking_init","line":142,"loc":{"start":{"line":140,"column":4},"end":{"line":163,"column":4}}},"4":{"name":"changeDelegator","line":169,"loc":{"start":{"line":169,"column":4},"end":{"line":172,"column":4}}},"5":{"name":"updateVault","line":177,"loc":{"start":{"line":174,"column":4},"end":{"line":208,"column":4}}},"6":{"name":"updateConfigs","line":217,"loc":{"start":{"line":210,"column":4},"end":{"line":232,"column":4}}},"7":{"name":"updateWhitelistedKillerStatus","line":236,"loc":{"start":{"line":234,"column":4},"end":{"line":241,"column":4}}},"8":{"name":"_stake","line":246,"loc":{"start":{"line":246,"column":4},"end":{"line":258,"column":4}}},"9":{"name":"_unstake","line":271,"loc":{"start":{"line":271,"column":4},"end":{"line":296,"column":4}}},"10":{"name":"_isHealthy","line":298,"loc":{"start":{"line":298,"column":4},"end":{"line":305,"column":4}}},"11":{"name":"amountToShare","line":312,"loc":{"start":{"line":312,"column":4},"end":{"line":315,"column":4}}},"12":{"name":"shareToAmount","line":317,"loc":{"start":{"line":317,"column":4},"end":{"line":319,"column":4}}},"13":{"name":"debtAmountOf","line":324,"loc":{"start":{"line":324,"column":4},"end":{"line":331,"column":4}}},"14":{"name":"addPosition","line":336,"loc":{"start":{"line":336,"column":4},"end":{"line":369,"column":4}}},"15":{"name":"removePosition","line":374,"loc":{"start":{"line":374,"column":4},"end":{"line":408,"column":4}}},"16":{"name":"abs","line":410,"loc":{"start":{"line":410,"column":4},"end":{"line":412,"column":4}}},"17":{"name":"_adjustChangePositionArgs","line":414,"loc":{"start":{"line":414,"column":4},"end":{"line":466,"column":4}}},"18":{"name":"changePosition","line":496,"loc":{"start":{"line":496,"column":4},"end":{"line":593,"column":4}}},"19":{"name":"positionInfo","line":604,"loc":{"start":{"line":604,"column":4},"end":{"line":623,"column":4}}},"20":{"name":"isKillable","line":625,"loc":{"start":{"line":625,"column":4},"end":{"line":643,"column":4}}},"21":{"name":"kill","line":649,"loc":{"start":{"line":646,"column":4},"end":{"line":683,"column":4}}},"22":{"name":"getAccruedValue","line":689,"loc":{"start":{"line":689,"column":4},"end":{"line":709,"column":4}}},"23":{"name":"accrue","line":725,"loc":{"start":{"line":725,"column":4},"end":{"line":795,"column":4}}},"24":{"name":"claimReserves","line":797,"loc":{"start":{"line":797,"column":4},"end":{"line":803,"column":4}}},"25":{"name":null,"line":808,"loc":{"start":{"line":808,"column":4},"end":{"line":808,"column":33}}}},"statementMap":{"1":{"start":{"line":124,"column":8},"end":{"line":124,"column":3528}},"2":{"start":{"line":133,"column":8},"end":{"line":133,"column":3739}},"3":{"start":{"line":147,"column":8},"end":{"line":147,"column":23}},"4":{"start":{"line":148,"column":8},"end":{"line":148,"column":31}},"5":{"start":{"line":151,"column":8},"end":{"line":151,"column":4127}},"6":{"start":{"line":161,"column":8},"end":{"line":161,"column":34}},"7":{"start":{"line":171,"column":8},"end":{"line":171,"column":40}},"8":{"start":{"line":179,"column":8},"end":{"line":179,"column":49}},"9":{"start":{"line":181,"column":8},"end":{"line":181,"column":4933}},"10":{"start":{"line":182,"column":12},"end":{"line":182,"column":29}},"11":{"start":{"line":183,"column":12},"end":{"line":183,"column":39}},"12":{"start":{"line":185,"column":12},"end":{"line":185,"column":5072}},"13":{"start":{"line":190,"column":12},"end":{"line":190,"column":48}},"14":{"start":{"line":191,"column":12},"end":{"line":191,"column":38}},"15":{"start":{"line":192,"column":12},"end":{"line":192,"column":5326}},"16":{"start":{"line":193,"column":16},"end":{"line":193,"column":5391}},"17":{"start":{"line":199,"column":12},"end":{"line":199,"column":32}},"18":{"start":{"line":200,"column":12},"end":{"line":200,"column":42}},"19":{"start":{"line":205,"column":8},"end":{"line":205,"column":68}},"20":{"start":{"line":224,"column":8},"end":{"line":224,"column":6358}},"21":{"start":{"line":238,"column":8},"end":{"line":238,"column":6703}},"22":{"start":{"line":255,"column":8},"end":{"line":255,"column":53}},"23":{"start":{"line":257,"column":8},"end":{"line":257,"column":52}},"24":{"start":{"line":278,"column":8},"end":{"line":278,"column":45}},"25":{"start":{"line":284,"column":8},"end":{"line":284,"column":8004}},"26":{"start":{"line":288,"column":8},"end":{"line":288,"column":76}},"27":{"start":{"line":290,"column":8},"end":{"line":290,"column":8203}},"28":{"start":{"line":292,"column":12},"end":{"line":292,"column":63}},"29":{"start":{"line":295,"column":8},"end":{"line":295,"column":54}},"30":{"start":{"line":313,"column":8},"end":{"line":313,"column":9004}},"31":{"start":{"line":318,"column":8},"end":{"line":318,"column":77}},"32":{"start":{"line":330,"column":8},"end":{"line":330,"column":47}},"33":{"start":{"line":341,"column":8},"end":{"line":341,"column":47}},"34":{"start":{"line":342,"column":8},"end":{"line":342,"column":9842}},"35":{"start":{"line":346,"column":8},"end":{"line":346,"column":71}},"36":{"start":{"line":348,"column":8},"end":{"line":348,"column":44}},"37":{"start":{"line":349,"column":8},"end":{"line":349,"column":10090}},"38":{"start":{"line":356,"column":8},"end":{"line":356,"column":10316}},"39":{"start":{"line":360,"column":8},"end":{"line":360,"column":68}},"40":{"start":{"line":362,"column":8},"end":{"line":362,"column":53}},"41":{"start":{"line":366,"column":8},"end":{"line":366,"column":68}},"42":{"start":{"line":368,"column":8},"end":{"line":368,"column":76}},"43":{"start":{"line":375,"column":8},"end":{"line":375,"column":47}},"44":{"start":{"line":376,"column":8},"end":{"line":376,"column":78}},"45":{"start":{"line":377,"column":8},"end":{"line":377,"column":73}},"46":{"start":{"line":379,"column":8},"end":{"line":379,"column":60}},"47":{"start":{"line":382,"column":8},"end":{"line":382,"column":71}},"48":{"start":{"line":384,"column":8},"end":{"line":384,"column":55}},"49":{"start":{"line":386,"column":8},"end":{"line":386,"column":56}},"50":{"start":{"line":393,"column":8},"end":{"line":393,"column":11746}},"51":{"start":{"line":398,"column":8},"end":{"line":398,"column":11864}},"52":{"start":{"line":411,"column":8},"end":{"line":411,"column":30}},"53":{"start":{"line":428,"column":8},"end":{"line":428,"column":12586}},"54":{"start":{"line":441,"column":8},"end":{"line":441,"column":13158}},"55":{"start":{"line":443,"column":12},"end":{"line":443,"column":57}},"56":{"start":{"line":502,"column":8},"end":{"line":502,"column":47}},"57":{"start":{"line":503,"column":8},"end":{"line":503,"column":60}},"58":{"start":{"line":504,"column":8},"end":{"line":504,"column":61}},"59":{"start":{"line":506,"column":8},"end":{"line":506,"column":57}},"60":{"start":{"line":508,"column":8},"end":{"line":508,"column":32}},"61":{"start":{"line":509,"column":8},"end":{"line":509,"column":16161}},"62":{"start":{"line":511,"column":12},"end":{"line":511,"column":16251}},"63":{"start":{"line":520,"column":8},"end":{"line":520,"column":16588}},"64":{"start":{"line":527,"column":8},"end":{"line":527,"column":16734}},"65":{"start":{"line":530,"column":12},"end":{"line":530,"column":16857}},"66":{"start":{"line":538,"column":8},"end":{"line":538,"column":17128}},"67":{"start":{"line":539,"column":12},"end":{"line":539,"column":17161}},"68":{"start":{"line":540,"column":16},"end":{"line":540,"column":57}},"69":{"start":{"line":542,"column":12},"end":{"line":542,"column":41}},"70":{"start":{"line":545,"column":12},"end":{"line":545,"column":17431}},"71":{"start":{"line":548,"column":12},"end":{"line":548,"column":17520}},"72":{"start":{"line":553,"column":12},"end":{"line":553,"column":17693}},"73":{"start":{"line":565,"column":8},"end":{"line":565,"column":18035}},"74":{"start":{"line":567,"column":12},"end":{"line":567,"column":18136}},"75":{"start":{"line":573,"column":12},"end":{"line":573,"column":61}},"76":{"start":{"line":575,"column":8},"end":{"line":575,"column":18370}},"77":{"start":{"line":577,"column":12},"end":{"line":577,"column":76}},"78":{"start":{"line":581,"column":12},"end":{"line":581,"column":64}},"79":{"start":{"line":582,"column":12},"end":{"line":582,"column":69}},"80":{"start":{"line":583,"column":12},"end":{"line":583,"column":55}},"81":{"start":{"line":586,"column":8},"end":{"line":586,"column":18749}},"82":{"start":{"line":615,"column":8},"end":{"line":615,"column":47}},"83":{"start":{"line":617,"column":8},"end":{"line":617,"column":56}},"84":{"start":{"line":631,"column":8},"end":{"line":631,"column":47}},"85":{"start":{"line":632,"column":8},"end":{"line":632,"column":56}},"86":{"start":{"line":634,"column":8},"end":{"line":634,"column":20140}},"87":{"start":{"line":636,"column":12},"end":{"line":636,"column":24}},"88":{"start":{"line":637,"column":8},"end":{"line":637,"column":20215}},"89":{"start":{"line":642,"column":8},"end":{"line":642,"column":23}},"90":{"start":{"line":651,"column":8},"end":{"line":651,"column":47}},"91":{"start":{"line":652,"column":8},"end":{"line":652,"column":57}},"92":{"start":{"line":653,"column":8},"end":{"line":653,"column":53}},"93":{"start":{"line":655,"column":8},"end":{"line":655,"column":50}},"94":{"start":{"line":656,"column":8},"end":{"line":656,"column":77}},"95":{"start":{"line":657,"column":8},"end":{"line":657,"column":54}},"96":{"start":{"line":660,"column":8},"end":{"line":660,"column":47}},"97":{"start":{"line":661,"column":8},"end":{"line":661,"column":67}},"98":{"start":{"line":670,"column":8},"end":{"line":670,"column":55}},"99":{"start":{"line":672,"column":8},"end":{"line":672,"column":21446}},"100":{"start":{"line":695,"column":8},"end":{"line":695,"column":55}},"101":{"start":{"line":697,"column":8},"end":{"line":697,"column":44}},"102":{"start":{"line":698,"column":8},"end":{"line":698,"column":28}},"103":{"start":{"line":699,"column":8},"end":{"line":699,"column":22120}},"104":{"start":{"line":703,"column":8},"end":{"line":703,"column":22247}},"105":{"start":{"line":704,"column":12},"end":{"line":704,"column":25}},"106":{"start":{"line":706,"column":12},"end":{"line":706,"column":22411}},"107":{"start":{"line":726,"column":8},"end":{"line":726,"column":23212}},"108":{"start":{"line":730,"column":8},"end":{"line":730,"column":71}},"109":{"start":{"line":733,"column":8},"end":{"line":733,"column":58}},"110":{"start":{"line":737,"column":8},"end":{"line":737,"column":34}},"111":{"start":{"line":738,"column":8},"end":{"line":738,"column":44}},"112":{"start":{"line":740,"column":8},"end":{"line":740,"column":66}},"113":{"start":{"line":741,"column":8},"end":{"line":741,"column":23775}},"114":{"start":{"line":746,"column":8},"end":{"line":746,"column":52}},"115":{"start":{"line":748,"column":8},"end":{"line":748,"column":24008}},"116":{"start":{"line":751,"column":12},"end":{"line":751,"column":63}},"117":{"start":{"line":752,"column":12},"end":{"line":752,"column":18}},"118":{"start":{"line":757,"column":8},"end":{"line":757,"column":24357}},"119":{"start":{"line":758,"column":12},"end":{"line":758,"column":24412}},"120":{"start":{"line":759,"column":16},"end":{"line":759,"column":48}},"121":{"start":{"line":760,"column":16},"end":{"line":760,"column":24545}},"122":{"start":{"line":762,"column":16},"end":{"line":762,"column":75}},"123":{"start":{"line":763,"column":16},"end":{"line":763,"column":72}},"124":{"start":{"line":766,"column":12},"end":{"line":766,"column":51}},"125":{"start":{"line":770,"column":12},"end":{"line":770,"column":42}},"126":{"start":{"line":773,"column":12},"end":{"line":773,"column":25012}},"127":{"start":{"line":775,"column":12},"end":{"line":775,"column":25101}},"128":{"start":{"line":778,"column":16},"end":{"line":778,"column":25337}},"129":{"start":{"line":781,"column":16},"end":{"line":781,"column":25479}},"130":{"start":{"line":787,"column":12},"end":{"line":787,"column":53}},"131":{"start":{"line":788,"column":12},"end":{"line":788,"column":25737}},"132":{"start":{"line":790,"column":16},"end":{"line":790,"column":63}},"133":{"start":{"line":793,"column":12},"end":{"line":793,"column":57}},"134":{"start":{"line":798,"column":8},"end":{"line":798,"column":26036}},"135":{"start":{"line":799,"column":12},"end":{"line":799,"column":55}},"136":{"start":{"line":801,"column":12},"end":{"line":801,"column":57}}},"branchMap":{"1":{"line":124,"type":"if","locations":[{"start":{"line":124,"column":8},"end":{"line":124,"column":8}},{"start":{"line":124,"column":8},"end":{"line":124,"column":8}}]},"2":{"line":133,"type":"if","locations":[{"start":{"line":133,"column":8},"end":{"line":133,"column":8}},{"start":{"line":133,"column":8},"end":{"line":133,"column":8}}]},"3":{"line":142,"type":"if","locations":[{"start":{"line":142,"column":8},"end":{"line":142,"column":8}},{"start":{"line":142,"column":8},"end":{"line":142,"column":8}}]},"4":{"line":169,"type":"if","locations":[{"start":{"line":169,"column":65},"end":{"line":169,"column":65}},{"start":{"line":169,"column":65},"end":{"line":169,"column":65}}]},"5":{"line":177,"type":"if","locations":[{"start":{"line":177,"column":8},"end":{"line":177,"column":8}},{"start":{"line":177,"column":8},"end":{"line":177,"column":8}}]},"6":{"line":181,"type":"if","locations":[{"start":{"line":181,"column":8},"end":{"line":181,"column":8}},{"start":{"line":181,"column":8},"end":{"line":181,"column":8}}]},"7":{"line":185,"type":"if","locations":[{"start":{"line":185,"column":12},"end":{"line":185,"column":12}},{"start":{"line":185,"column":12},"end":{"line":185,"column":12}}]},"8":{"line":193,"type":"if","locations":[{"start":{"line":193,"column":16},"end":{"line":193,"column":16}},{"start":{"line":193,"column":16},"end":{"line":193,"column":16}}]},"9":{"line":217,"type":"if","locations":[{"start":{"line":217,"column":13},"end":{"line":217,"column":13}},{"start":{"line":217,"column":13},"end":{"line":217,"column":13}}]},"10":{"line":236,"type":"if","locations":[{"start":{"line":236,"column":8},"end":{"line":236,"column":8}},{"start":{"line":236,"column":8},"end":{"line":236,"column":8}}]},"11":{"line":285,"type":"if","locations":[{"start":{"line":285,"column":14},"end":{"line":285,"column":56}},{"start":{"line":286,"column":14},"end":{"line":286,"column":14}}]},"12":{"line":290,"type":"if","locations":[{"start":{"line":290,"column":8},"end":{"line":290,"column":8}},{"start":{"line":290,"column":8},"end":{"line":290,"column":8}}]},"13":{"line":314,"type":"if","locations":[{"start":{"line":314,"column":33},"end":{"line":314,"column":38}},{"start":{"line":314,"column":42},"end":{"line":314,"column":76}}]},"14":{"line":318,"type":"if","locations":[{"start":{"line":318,"column":35},"end":{"line":318,"column":39}},{"start":{"line":318,"column":43},"end":{"line":318,"column":76}}]},"15":{"line":342,"type":"if","locations":[{"start":{"line":342,"column":8},"end":{"line":342,"column":8}},{"start":{"line":342,"column":8},"end":{"line":342,"column":8}}]},"16":{"line":346,"type":"if","locations":[{"start":{"line":346,"column":8},"end":{"line":346,"column":8}},{"start":{"line":346,"column":8},"end":{"line":346,"column":8}}]},"17":{"line":349,"type":"if","locations":[{"start":{"line":349,"column":8},"end":{"line":349,"column":8}},{"start":{"line":349,"column":8},"end":{"line":349,"column":8}}]},"18":{"line":357,"type":"if","locations":[{"start":{"line":357,"column":14},"end":{"line":357,"column":55}},{"start":{"line":358,"column":14},"end":{"line":358,"column":14}}]},"19":{"line":377,"type":"if","locations":[{"start":{"line":377,"column":8},"end":{"line":377,"column":8}},{"start":{"line":377,"column":8},"end":{"line":377,"column":8}}]},"20":{"line":393,"type":"if","locations":[{"start":{"line":393,"column":8},"end":{"line":393,"column":8}},{"start":{"line":393,"column":8},"end":{"line":393,"column":8}}]},"21":{"line":411,"type":"if","locations":[{"start":{"line":411,"column":24},"end":{"line":411,"column":24}},{"start":{"line":411,"column":28},"end":{"line":411,"column":29}}]},"22":{"line":428,"type":"if","locations":[{"start":{"line":428,"column":8},"end":{"line":428,"column":8}},{"start":{"line":428,"column":8},"end":{"line":428,"column":8}}]},"23":{"line":441,"type":"if","locations":[{"start":{"line":441,"column":8},"end":{"line":441,"column":8}},{"start":{"line":441,"column":8},"end":{"line":441,"column":8}}]},"24":{"line":449,"type":"if","locations":[{"start":{"line":449,"column":18},"end":{"line":454,"column":16}},{"start":{"line":455,"column":18},"end":{"line":460,"column":16}}]},"25":{"line":504,"type":"if","locations":[{"start":{"line":504,"column":8},"end":{"line":504,"column":8}},{"start":{"line":504,"column":8},"end":{"line":504,"column":8}}]},"26":{"line":509,"type":"if","locations":[{"start":{"line":509,"column":8},"end":{"line":509,"column":8}},{"start":{"line":509,"column":8},"end":{"line":509,"column":8}}]},"27":{"line":511,"type":"if","locations":[{"start":{"line":511,"column":12},"end":{"line":511,"column":12}},{"start":{"line":511,"column":12},"end":{"line":511,"column":12}}]},"28":{"line":527,"type":"if","locations":[{"start":{"line":527,"column":8},"end":{"line":527,"column":8}},{"start":{"line":527,"column":8},"end":{"line":527,"column":8}}]},"29":{"line":530,"type":"if","locations":[{"start":{"line":530,"column":12},"end":{"line":530,"column":12}},{"start":{"line":530,"column":12},"end":{"line":530,"column":12}}]},"30":{"line":538,"type":"if","locations":[{"start":{"line":538,"column":8},"end":{"line":538,"column":8}},{"start":{"line":538,"column":8},"end":{"line":538,"column":8}}]},"31":{"line":539,"type":"if","locations":[{"start":{"line":539,"column":12},"end":{"line":539,"column":12}},{"start":{"line":539,"column":12},"end":{"line":539,"column":12}}]},"32":{"line":548,"type":"if","locations":[{"start":{"line":548,"column":12},"end":{"line":548,"column":12}},{"start":{"line":548,"column":12},"end":{"line":548,"column":12}}]},"33":{"line":565,"type":"if","locations":[{"start":{"line":565,"column":8},"end":{"line":565,"column":8}},{"start":{"line":565,"column":8},"end":{"line":565,"column":8}}]},"34":{"line":575,"type":"if","locations":[{"start":{"line":575,"column":8},"end":{"line":575,"column":8}},{"start":{"line":575,"column":8},"end":{"line":575,"column":8}}]},"35":{"line":583,"type":"if","locations":[{"start":{"line":583,"column":12},"end":{"line":583,"column":12}},{"start":{"line":583,"column":12},"end":{"line":583,"column":12}}]},"36":{"line":634,"type":"if","locations":[{"start":{"line":634,"column":8},"end":{"line":634,"column":8}},{"start":{"line":634,"column":8},"end":{"line":634,"column":8}}]},"37":{"line":649,"type":"if","locations":[{"start":{"line":649,"column":8},"end":{"line":649,"column":8}},{"start":{"line":649,"column":8},"end":{"line":649,"column":8}}]},"38":{"line":653,"type":"if","locations":[{"start":{"line":653,"column":8},"end":{"line":653,"column":8}},{"start":{"line":653,"column":8},"end":{"line":653,"column":8}}]},"39":{"line":657,"type":"if","locations":[{"start":{"line":657,"column":8},"end":{"line":657,"column":8}},{"start":{"line":657,"column":8},"end":{"line":657,"column":8}}]},"40":{"line":703,"type":"if","locations":[{"start":{"line":703,"column":8},"end":{"line":703,"column":8}},{"start":{"line":703,"column":8},"end":{"line":703,"column":8}}]},"41":{"line":725,"type":"if","locations":[{"start":{"line":725,"column":65},"end":{"line":725,"column":65}},{"start":{"line":725,"column":65},"end":{"line":725,"column":65}}]},"42":{"line":726,"type":"if","locations":[{"start":{"line":726,"column":8},"end":{"line":726,"column":8}},{"start":{"line":726,"column":8},"end":{"line":726,"column":8}}]},"43":{"line":730,"type":"if","locations":[{"start":{"line":730,"column":8},"end":{"line":730,"column":8}},{"start":{"line":730,"column":8},"end":{"line":730,"column":8}}]},"44":{"line":748,"type":"if","locations":[{"start":{"line":748,"column":8},"end":{"line":748,"column":8}},{"start":{"line":748,"column":8},"end":{"line":748,"column":8}}]},"45":{"line":757,"type":"if","locations":[{"start":{"line":757,"column":8},"end":{"line":757,"column":8}},{"start":{"line":757,"column":8},"end":{"line":757,"column":8}}]},"46":{"line":788,"type":"if","locations":[{"start":{"line":788,"column":12},"end":{"line":788,"column":12}},{"start":{"line":788,"column":12},"end":{"line":788,"column":12}}]},"47":{"line":797,"type":"if","locations":[{"start":{"line":797,"column":67},"end":{"line":797,"column":67}},{"start":{"line":797,"column":67},"end":{"line":797,"column":67}}]},"48":{"line":798,"type":"if","locations":[{"start":{"line":798,"column":8},"end":{"line":798,"column":8}},{"start":{"line":798,"column":8},"end":{"line":798,"column":8}}]}}},
"contracts/SwapHelper.sol":{"l":{"11":0,"19":0,"20":0,"21":0,"23":0,"24":0,"32":0,"33":0,"34":0,"36":0,"37":0,"46":0,"47":0,"50":0,"51":0,"52":0,"53":0,"55":0,"62":0,"66":0,"68":0,"70":0,"72":0,"73":0,"75":0,"83":0,"84":0,"93":0},"path":"/Users/chris/Workspace/sooho/stayking-beta/contracts/SwapHelper.sol","s":{"1":0,"2":0,"3":0,"4":0,"5":0,"6":0,"7":0,"8":0,"9":0,"10":0,"11":0,"12":0,"13":0,"14":0,"15":0},"b":{"1":[0,0],"2":[0,0],"3":[0,0],"4":[0,0],"5":[0,0],"6":[0,0],"7":[0,0]},"f":{"1":0,"2":0,"3":0,"4":0},"fnMap":{"1":{"name":"constructor","line":10,"loc":{"start":{"line":10,"column":4},"end":{"line":12,"column":4}}},"2":{"name":"getDy","line":14,"loc":{"start":{"line":14,"column":4},"end":{"line":25,"column":4}}},"3":{"name":"getDx","line":27,"loc":{"start":{"line":27,"column":4},"end":{"line":38,"column":4}}},"4":{"name":"exchange","line":40,"loc":{"start":{"line":40,"column":4},"end":{"line":95,"column":4}}}},"statementMap":{"1":{"start":{"line":19,"column":8},"end":{"line":19,"column":48}},"2":{"start":{"line":23,"column":8},"end":{"line":23,"column":65}},"3":{"start":{"line":24,"column":8},"end":{"line":24,"column":25}},"4":{"start":{"line":32,"column":8},"end":{"line":32,"column":48}},"5":{"start":{"line":36,"column":8},"end":{"line":36,"column":64}},"6":{"start":{"line":37,"column":8},"end":{"line":37,"column":25}},"7":{"start":{"line":46,"column":8},"end":{"line":46,"column":48}},"8":{"start":{"line":47,"column":8},"end":{"line":47,"column":32}},"9":{"start":{"line":50,"column":8},"end":{"line":50,"column":1526}},"10":{"start":{"line":51,"column":12},"end":{"line":51,"column":66}},"11":{"start":{"line":62,"column":12},"end":{"line":62,"column":29}},"12":{"start":{"line":66,"column":12},"end":{"line":66,"column":76}},"13":{"start":{"line":68,"column":12},"end":{"line":68,"column":61}},"14":{"start":{"line":72,"column":12},"end":{"line":72,"column":2213}},"15":{"start":{"line":93,"column":12},"end":{"line":93,"column":29}}},"branchMap":{"1":{"line":20,"type":"if","locations":[{"start":{"line":20,"column":41},"end":{"line":20,"column":53}},{"start":{"line":20,"column":57},"end":{"line":20,"column":62}}]},"2":{"line":21,"type":"if","locations":[{"start":{"line":21,"column":41},"end":{"line":21,"column":53}},{"start":{"line":21,"column":57},"end":{"line":21,"column":62}}]},"3":{"line":33,"type":"if","locations":[{"start":{"line":33,"column":41},"end":{"line":33,"column":53}},{"start":{"line":33,"column":57},"end":{"line":33,"column":62}}]},"4":{"line":34,"type":"if","locations":[{"start":{"line":34,"column":41},"end":{"line":34,"column":53}},{"start":{"line":34,"column":57},"end":{"line":34,"column":62}}]},"5":{"line":50,"type":"if","locations":[{"start":{"line":50,"column":8},"end":{"line":50,"column":8}},{"start":{"line":50,"column":8},"end":{"line":50,"column":8}}]},"6":{"line":51,"type":"if","locations":[{"start":{"line":51,"column":12},"end":{"line":51,"column":12}},{"start":{"line":51,"column":12},"end":{"line":51,"column":12}}]},"7":{"line":72,"type":"if","locations":[{"start":{"line":72,"column":12},"end":{"line":72,"column":12}},{"start":{"line":72,"column":12},"end":{"line":72,"column":12}}]}}},
"contracts/TripleSlopeModel.sol":{"l":{"32":16,"34":8,"35":8,"38":8,"40":8,"44":0,"47":0,"55":0},"path":"/Users/chris/Workspace/sooho/stayking-beta/contracts/TripleSlopeModel.sol","s":{"1":16,"2":8,"3":8,"4":8,"5":8,"6":8,"7":0,"8":0,"9":0,"10":0,"11":0},"b":{"1":[8,8],"2":[8,0],"3":[0,0],"4":[0,0]},"f":{"1":16},"fnMap":{"1":{"name":"calcInterestRate","line":26,"loc":{"start":{"line":26,"column":4},"end":{"line":57,"column":4}}}},"statementMap":{"1":{"start":{"line":32,"column":8},"end":{"line":32,"column":48}},"2":{"start":{"line":32,"column":40},"end":{"line":32,"column":48}},"3":{"start":{"line":34,"column":8},"end":{"line":34,"column":39}},"4":{"start":{"line":35,"column":8},"end":{"line":35,"column":62}},"5":{"start":{"line":38,"column":8},"end":{"line":38,"column":1206}},"6":{"start":{"line":40,"column":12},"end":{"line":40,"column":1369}},"7":{"start":{"line":42,"column":15},"end":{"line":42,"column":1401}},"8":{"start":{"line":44,"column":12},"end":{"line":44,"column":59}},"9":{"start":{"line":45,"column":15},"end":{"line":45,"column":1557}},"10":{"start":{"line":47,"column":12},"end":{"line":47,"column":1708}},"11":{"start":{"line":55,"column":12},"end":{"line":55,"column":50}}},"branchMap":{"1":{"line":32,"type":"if","locations":[{"start":{"line":32,"column":8},"end":{"line":32,"column":8}},{"start":{"line":32,"column":8},"end":{"line":32,"column":8}}]},"2":{"line":38,"type":"if","locations":[{"start":{"line":38,"column":8},"end":{"line":38,"column":8}},{"start":{"line":38,"column":8},"end":{"line":38,"column":8}}]},"3":{"line":42,"type":"if","locations":[{"start":{"line":42,"column":15},"end":{"line":42,"column":15}},{"start":{"line":42,"column":15},"end":{"line":42,"column":15}}]},"4":{"line":45,"type":"if","locations":[{"start":{"line":45,"column":15},"end":{"line":45,"column":15}},{"start":{"line":45,"column":15},"end":{"line":45,"column":15}}]}}},
"contracts/UnbondedEvmos.sol":{"l":{"57":0,"58":0,"62":0,"69":0,"70":0,"78":0,"79":0,"83":0,"84":0,"92":0,"93":0,"94":0,"98":0,"99":0,"104":0,"105":0,"106":0,"108":0,"110":0,"112":0,"113":0,"114":0,"117":0,"118":0,"119":0,"121":0,"123":0,"126":0,"127":0,"131":0,"132":0,"133":0,"136":0,"137":0,"139":0,"152":0,"153":0,"161":0,"162":0,"163":0,"164":0,"172":0,"173":0,"175":0,"176":0,"177":0,"180":0,"181":0,"182":0,"184":0,"185":0,"186":0,"189":0,"200":0,"202":0,"205":0,"209":0,"225":0,"226":0,"228":0,"229":0,"234":0,"235":0,"239":0,"240":0,"250":0,"251":0,"252":0,"254":0,"256":0,"259":0,"260":0,"261":0,"263":0,"264":0,"273":0,"274":0,"275":0,"276":0,"280":0,"281":0,"285":0,"286":0,"288":0,"290":0,"291":0},"path":"/Users/chris/Workspace/sooho/stayking-beta/contracts/UnbondedEvmos.sol","s":{"1":0,"2":0,"3":0,"4":0,"5":0,"6":0,"7":0,"8":0,"9":0,"10":0,"11":0,"12":0,"13":0,"14":0,"15":0,"16":0,"17":0,"18":0,"19":0,"20":0,"21":0,"22":0,"23":0,"24":0,"25":0,"26":0,"27":0,"28":0,"29":0,"30":0,"31":0,"32":0,"33":0,"34":0,"35":0,"36":0,"37":0,"38":0,"39":0,"40":0,"41":0,"42":0,"43":0,"44":0,"45":0,"46":0,"47":0,"48":0,"49":0,"50":0,"51":0,"52":0,"53":0,"54":0,"55":0,"56":0,"57":0,"58":0,"59":0,"60":0,"61":0,"62":0,"63":0,"64":0,"65":0,"66":0,"67":0,"68":0,"69":0,"70":0,"71":0,"72":0},"b":{"1":[0,0],"2":[0,0],"3":[0,0],"4":[0,0],"5":[0,0],"6":[0,0],"7":[0,0],"8":[0,0],"9":[0,0],"10":[0,0],"11":[0,0],"12":[0,0],"13":[0,0],"14":[0,0],"15":[0,0],"16":[0,0],"17":[0,0],"18":[0,0]},"f":{"1":0,"2":0,"3":0,"4":0,"5":0,"6":0,"7":0,"8":0,"9":0,"10":0,"11":0,"12":0,"13":0,"14":0,"15":0,"16":0},"fnMap":{"1":{"name":"__UnbondedEvmos_init","line":55,"loc":{"start":{"line":53,"column":4},"end":{"line":63,"column":4}}},"2":{"name":"onlyMinter","line":68,"loc":{"start":{"line":68,"column":4},"end":{"line":71,"column":4}}},"3":{"name":"updateMinterStatus","line":76,"loc":{"start":{"line":73,"column":4},"end":{"line":80,"column":4}}},"4":{"name":"updateConfigs","line":82,"loc":{"start":{"line":82,"column":4},"end":{"line":85,"column":4}}},"5":{"name":"_repayPendingDebt","line":88,"loc":{"start":{"line":88,"column":4},"end":{"line":100,"column":4}}},"6":{"name":"_unlock","line":103,"loc":{"start":{"line":103,"column":4},"end":{"line":141,"column":4}}},"7":{"name":"transfer","line":149,"loc":{"start":{"line":146,"column":4},"end":{"line":154,"column":4}}},"8":{"name":"transferFrom","line":160,"loc":{"start":{"line":156,"column":4},"end":{"line":165,"column":4}}},"9":{"name":"lockedList","line":167,"loc":{"start":{"line":167,"column":4},"end":{"line":190,"column":4}}},"10":{"name":"mintLockedToken","line":199,"loc":{"start":{"line":194,"column":4},"end":{"line":230,"column":4}}},"11":{"name":"unlock","line":233,"loc":{"start":{"line":233,"column":4},"end":{"line":236,"column":4}}},"12":{"name":"supplyUnbondedToken","line":238,"loc":{"start":{"line":238,"column":4},"end":{"line":241,"column":4}}},"13":{"name":"getUnlockable","line":244,"loc":{"start":{"line":244,"column":4},"end":{"line":267,"column":4}}},"14":{"name":"isKillable","line":272,"loc":{"start":{"line":272,"column":4},"end":{"line":277,"column":4}}},"15":{"name":"kill","line":279,"loc":{"start":{"line":279,"column":4},"end":{"line":293,"column":4}}},"16":{"name":null,"line":297,"loc":{"start":{"line":297,"column":4},"end":{"line":297,"column":33}}}},"statementMap":{"1":{"start":{"line":57,"column":8},"end":{"line":57,"column":23}},"2":{"start":{"line":58,"column":8},"end":{"line":58,"column":1794}},"3":{"start":{"line":62,"column":8},"end":{"line":62,"column":40}},"4":{"start":{"line":69,"column":8},"end":{"line":69,"column":59}},"5":{"start":{"line":79,"column":8},"end":{"line":79,"column":48}},"6":{"start":{"line":84,"column":8},"end":{"line":84,"column":46}},"7":{"start":{"line":92,"column":8},"end":{"line":92,"column":41}},"8":{"start":{"line":93,"column":8},"end":{"line":93,"column":38}},"9":{"start":{"line":94,"column":8},"end":{"line":94,"column":36}},"10":{"start":{"line":105,"column":8},"end":{"line":105,"column":55}},"11":{"start":{"line":106,"column":8},"end":{"line":106,"column":58}},"12":{"start":{"line":108,"column":8},"end":{"line":108,"column":3320}},"13":{"start":{"line":110,"column":12},"end":{"line":110,"column":18}},"14":{"start":{"line":112,"column":8},"end":{"line":112,"column":26}},"15":{"start":{"line":113,"column":8},"end":{"line":113,"column":26}},"16":{"start":{"line":114,"column":8},"end":{"line":114,"column":32}},"17":{"start":{"line":117,"column":8},"end":{"line":117,"column":3532}},"18":{"start":{"line":118,"column":12},"end":{"line":118,"column":55}},"19":{"start":{"line":119,"column":12},"end":{"line":119,"column":49}},"20":{"start":{"line":121,"column":12},"end":{"line":121,"column":3701}},"21":{"start":{"line":126,"column":16},"end":{"line":126,"column":58}},"22":{"start":{"line":131,"column":8},"end":{"line":131,"column":4015}},"23":{"start":{"line":133,"column":12},"end":{"line":133,"column":37}},"24":{"start":{"line":136,"column":12},"end":{"line":136,"column":4216}},"25":{"start":{"line":137,"column":16},"end":{"line":137,"column":63}},"26":{"start":{"line":139,"column":12},"end":{"line":139,"column":56}},"27":{"start":{"line":152,"column":8},"end":{"line":152,"column":40}},"28":{"start":{"line":153,"column":8},"end":{"line":153,"column":19}},"29":{"start":{"line":161,"column":8},"end":{"line":161,"column":38}},"30":{"start":{"line":162,"column":8},"end":{"line":162,"column":45}},"31":{"start":{"line":163,"column":8},"end":{"line":163,"column":34}},"32":{"start":{"line":164,"column":8},"end":{"line":164,"column":19}},"33":{"start":{"line":172,"column":8},"end":{"line":172,"column":58}},"34":{"start":{"line":173,"column":8},"end":{"line":173,"column":58}},"35":{"start":{"line":175,"column":8},"end":{"line":175,"column":46}},"36":{"start":{"line":176,"column":8},"end":{"line":176,"column":5255}},"37":{"start":{"line":177,"column":12},"end":{"line":177,"column":34}},"38":{"start":{"line":180,"column":8},"end":{"line":180,"column":48}},"39":{"start":{"line":181,"column":8},"end":{"line":181,"column":44}},"40":{"start":{"line":184,"column":8},"end":{"line":184,"column":5476}},"41":{"start":{"line":185,"column":12},"end":{"line":185,"column":62}},"42":{"start":{"line":189,"column":8},"end":{"line":189,"column":27}},"43":{"start":{"line":200,"column":8},"end":{"line":200,"column":58}},"44":{"start":{"line":202,"column":8},"end":{"line":202,"column":54}},"45":{"start":{"line":205,"column":8},"end":{"line":205,"column":31}},"46":{"start":{"line":209,"column":8},"end":{"line":209,"column":6220}},"47":{"start":{"line":225,"column":8},"end":{"line":225,"column":46}},"48":{
[...]
"end":{"line":55,"column":8}},{"start":{"line":55,"column":8},"end":{"line":55,"column":8}}]},"2":{"line":69,"type":"if","locations":[{"start":{"line":69,"column":8},"end":{"line":69,"column":8}},{"start":{"line":69,"column":8},"end":{"line":69,"column":8}}]},"3":{"line":76,"type":"if","locations":[{"start":{"line":76,"column":8},"end":{"line":76,"column":8}},{"start":{"line":76,"column":8},"end":{"line":76,"column":8}}]},"4":{"line":82,"type":"if","locations":[{"start":{"line":82,"column":62},"end":{"line":82,"column":62}},{"start":{"line":82,"column":62},"end":{"line":82,"column":62}}]},"5":{"line":108,"type":"if","locations":[{"start":{"line":108,"column":8},"end":{"line":108,"column":8}},{"start":{"line":108,"column":8},"end":{"line":108,"column":8}}]},"6":{"line":121,"type":"if","locations":[{"start":{"line":121,"column":12},"end":{"line":121,"column":12}},{"start":{"line":121,"column":12},"end":{"line":121,"column":12}}]},"7":{"line":131,"type":"if","locations":[{"start":{"line":131,"column":8},"end":{"line":131,"column":8}},{"start":{"line":131,"column":8},"end":{"line":131,"column":8}}]},"8":{"line":136,"type":"if","locations":[{"start":{"line":136,"column":12},"end":{"line":136,"column":12}},{"start":{"line":136,"column":12},"end":{"line":136,"column":12}}]},"9":{"line":149,"type":"if","locations":[{"start":{"line":149,"column":8},"end":{"line":149,"column":8}},{"start":{"line":149,"column":8},"end":{"line":149,"column":8}}]},"10":{"line":160,"type":"if","locations":[{"start":{"line":160,"column":22},"end":{"line":160,"column":22}},{"start":{"line":160,"column":22},"end":{"line":160,"column":22}}]},"11":{"line":176,"type":"if","locations":[{"start":{"line":176,"column":8},"end":{"line":176,"column":8}},{"start":{"line":176,"column":8},"end":{"line":176,"column":8}}]},"12":{"line":199,"type":"if","locations":[{"start":{"line":199,"column":22},"end":{"line":199,"column":22}},{"start":{"line":199,"column":22},"end":{"line":199,"column":22}}]},"13":{"line":200,"type":"if","locations":[{"start":{"line":200,"column":8},"end":{"line":200,"column":8}},{"start":{"line":200,"column":8},"end":{"line":200,"column":8}}]},"14":{"line":254,"type":"if","locations":[{"start":{"line":254,"column":8},"end":{"line":254,"column":8}},{"start":{"line":254,"column":8},"end":{"line":254,"column":8}}]},"15":{"line":261,"type":"if","locations":[{"start":{"line":261,"column":12},"end":{"line":261,"column":12}},{"start":{"line":261,"column":12},"end":{"line":261,"column":12}}]},"16":{"line":274,"type":"if","locations":[{"start":{"line":274,"column":8},"end":{"line":274,"column":8}},{"start":{"line":274,"column":8},"end":{"line":274,"column":8}}]},"17":{"line":281,"type":"if","locations":[{"start":{"line":281,"column":8},"end":{"line":281,"column":8}},{"start":{"line":281,"column":8},"end":{"line":281,"column":8}}]},"18":{"line":288,"type":"if","locations":[{"start":{"line":288,"column":8},"end":{"line":288,"column":8}},{"start":{"line":288,"column":8},"end":{"line":288,"column":8}}]}}},
"contracts/Vault.sol":{"l":{"75":2,"76":2,"80":8,"81":8,"98":3,"100":3,"101":3,"103":3,"104":3,"105":3,"106":3,"107":3,"108":3,"110":3,"124":0,"125":0,"126":0,"129":0,"133":0,"141":25,"145":9,"153":3,"161":3,"165":3,"169":4,"170":4,"177":4,"178":4,"187":0,"196":0,"208":0,"222":16,"229":0,"230":0,"232":0,"242":8,"243":8,"245":8,"249":8,"251":8,"254":8,"256":8,"261":0,"279":1,"281":1,"283":1,"291":0,"317":0,"327":0,"337":1,"347":1,"361":4,"362":4,"363":2,"365":2,"374":2,"376":2,"377":1,"379":1,"390":2,"393":1,"394":0,"395":0,"397":0,"403":0,"404":0,"411":0,"415":0,"416":0,"418":0,"419":0,"427":0,"428":0,"441":0,"442":0,"450":0,"454":0,"455":0,"457":0,"458":0,"463":0,"474":0,"478":0,"480":0,"481":0,"482":0,"483":0,"484":0,"486":0,"488":0,"490":0,"492":0,"493":0,"505":0,"510":0,"511":0,"513":0,"517":0,"518":0,"520":0,"521":0,"530":0,"539":0,"549":0,"550":0,"551":0,"552":0,"553":0,"555":0,"556":0,"558":0,"559":0,"562":0,"563":0},"path":"/Users/chris/Workspace/sooho/stayking-beta/contracts/Vault.sol","s":{"1":2,"2":8,"3":3,"4":3,"5":3,"6":3,"7":3,"8":3,"9":0,"10":0,"11":0,"12":25,"13":9,"14":4,"15":4,"16":4,"17":4,"18":0,"19":0,"20":0,"21":0,"22":0,"23":0,"24":0,"25":8,"26":0,"27":8,"28":8,"29":8,"30":0,"31":1,"32":1,"33":0,"34":0,"35":0,"36":1,"37":1,"38":4,"39":2,"40":2,"41":2,"42":1,"43":1,"44":2,"45":0,"46":0,"47":0,"48":0,"49":0,"50":0,"51":0,"52":0,"53":0,"54":0,"55":0,"56":0,"57":0,"58":0,"59":0,"60":0,"61":0,"62":0,"63":0,"64":0,"65":0,"66":0,"67":0,"68":0,"69":0,"70":0},"b":{"1":[2,0],"2":[3,0],"3":[3,0],"4":[0,0],"5":[3,0],"6":[3,0],"7":[3,0],"8":[4,0],"9":[0,4],"10":[0,0],"11":[0,0],"12":[0,0],"13":[0,8],"14":[4,0],"15":[2,0],"16":[2,0],"17":[2,0],"18":[1,1],"19":[0,0],"20":[0,0],"21":[0,0],"22":[0,0],"23":[0,0],"24":[0,0],"25":[0,0],"26":[0,0],"27":[0,0],"28":[0,0],"29":[0,0],"30":[0,0],"31":[0,0],"32":[0,0],"33":[0,0]},"f":{"1":2,"2":8,"3":3,"4":0,"5":25,"6":9,"7":3,"8":3,"9":3,"10":4,"11":4,"12":0,"13":0,"14":0,"15":16,"16":0,"17":8,"18":0,"19":1,"20":0,"21":0,"22":0,"23":1,"24":1,"25":4,"26":2,"27":2,"28":0,"29":0,"30":0,"31":0,"32":0,"33":0,"34":0,"35":0,"36":0,"37":0,"38":0},"fnMap":{"1":{"name":"onlyStayking","line":74,"loc":{"start":{"line":74,"column":4},"end":{"line":77,"column":4}}},"2":{"name":"accrueBefore","line":79,"loc":{"start":{"line":79,"column":4},"end":{"line":82,"column":4}}},"3":{"name":"__Vault_init","line":96,"loc":{"start":{"line":88,"column":4},"end":{"line":117,"column":4}}},"4":{"name":"getAccruedRateBps","line":119,"loc":{"start":{"line":119,"column":4},"end":{"line":137,"column":4}}},"5":{"name":"totalDebtAmount","line":140,"loc":{"start":{"line":140,"column":4},"end":{"line":142,"column":4}}},"6":{"name":"totalAmount","line":144,"loc":{"start":{"line":144,"column":4},"end":{"line":146,"column":4}}},"7":{"name":"updateMinReservedBps","line":151,"loc":{"start":{"line":148,"column":4},"end":{"line":154,"column":4}}},"8":{"name":"updateInterestModel","line":159,"loc":{"start":{"line":156,"column":4},"end":{"line":162,"column":4}}},"9":{"name":"updateSwapHelper","line":164,"loc":{"start":{"line":164,"column":4},"end":{"line":166,"column":4}}},"10":{"name":"amountToShare","line":168,"loc":{"start":{"line":168,"column":4},"end":{"line":174,"column":4}}},"11":{"name":"shareToAmount","line":176,"loc":{"start":{"line":176,"column":4},"end":{"line":179,"column":4}}},"12":{"name":"debtAmountInBase","line":181,"loc":{"start":{"line":181,"column":4},"end":{"line":188,"column":4}}},"13":{"name":"pendingDebtAmountToShare","line":190,"loc":{"start":{"line":190,"column":4},"end":{"line":200,"column":4}}},"14":{"name":"pendingDebtShareToAmount","line":202,"loc":{"start":{"line":202,"column":4},"end":{"line":212,"column":4}}},"15":{"name":"getInterestRate","line":216,"loc":{"start":{"line":216,"column":4},"end":{"line":226,"column":4}}},"16":{"name":"utilizationRateBps","line":228,"loc":{"start":{"line":228,"column":4},"end":{"line":233,"column":4}}},"17":{"name":"_accrue","line":241,"loc":{"start":{"line":241,"column":4},"end":{"line":257,"column":4}}},"18":{"name":"accrue","line":260,"loc":{"start":{"line":260,"column":4},"end":{"line":262,"column":4}}},"19":{"name":"_swapToBase","line":274,"loc":{"start":{"line":274,"column":4},"end":{"line":284,"column":4}}},"20":{"name":"_swapFromBase","line":287,"loc":{"start":{"line":287,"column":4},"end":{"line":298,"column":4}}},"21":{"name":"getBaseIn","line":311,"loc":{"start":{"line":311,"column":4},"end":{"line":318,"column":4}}},"22":{"name":"getBaseOut","line":321,"loc":{"start":{"line":321,"column":4},"end":{"line":328,"column":4}}},"23":{"name":"getTokenIn","line":331,"loc":{"start":{"line":331,"column":4},"end":{"line":338,"column":4}}},"24":{"name":"getTokenOut","line":341,"loc":{"start":{"line":341,"column":4},"end":{"line":348,"column":4}}},"25":{"name":"deposit","line":358,"loc":{"start":{"line":355,"column":4},"end":{"line":366,"column":4}}},"26":{"name":"withdraw","line":371,"loc":{"start":{"line":368,"column":4},"end":{"line":380,"column":4}}},"27":{"name":"loan","line":387,"loc":{"start":{"line":383,"column":4},"end":{"line":405,"column":4}}},"28":{"name":"_repay","line":410,"loc":{"start":{"line":410,"column":4},"end":{"line":420,"column":4}}},"29":{"name":"repayInToken","line":425,"loc":{"start":{"line":422,"column":4},"end":{"line":429,"column":4}}},"30":{"name":"repayInBase","line":438,"loc":{"start":{"line":434,"column":4},"end":{"line":443,"column":4}}},"31":{"name":"takeDebtOwnership","line":448,"loc":{"start":{"line":445,"column":4},"end":{"line":459,"column":4}}},"32":{"name":"getInterestInBase","line":462,"loc":{"start":{"line":462,"column":4},"end":{"line":464,"column":4}}},"33":{"name":"payInterest","line":472,"loc":{"start":{"line":467,"column":4},"end":{"line":495,"column":4}}},"34":{"name":"pendRepay","line":502,"loc":{"start":{"line":499,"column":4},"end":{"line":522,"column":4}}},"35":{"name":"getPendingDebt","line":524,"loc":{"start":{"line":524,"column":4},"end":{"line":531,"column":4}}},"36":{"name":"getPendingDebtInBase","line":533,"loc":{"start":{"line":533,"column":4},"end":{"line":540,"column":4}}},"37":{"name":"repayPendingDebt","line":543,"loc":{"start":{"line":543,"column":4},"end":{"line":565,"column":4}}},"38":{"name":null,"line":570,"loc":{"start":{"line":570,"column":4},"end":{"line":570,"column":33}}}},"statementMap":{"1":{"start":{"line":75,"column":8},"end":{"line":75,"column":71}},"2":{"start":{"line":80,"column":8},"end":{"line":80,"column":16}},"3":{"start":{"line":98,"column":8},"end":{"line":98,"column":73}},"4":{"start":{"line":100,"column":8},"end":{"line":100,"column":35}},"5":{"start":{"line":101,"column":8},"end":{"line":101,"column":23}},"6":{"start":{"line":106,"column":8},"end":{"line":106,"column":44}},"7":{"start":{"line":107,"column":8},"end":{"line":107,"column":42}},"8":{"start":{"line":108,"column":8},"end":{"line":108,"column":36}},"9":{"start":{"line":124,"column":8},"end":{"line":124,"column":38}},"10":{"start":{"line":125,"column":8},"end":{"line":125,"column":3782}},"11":{"start":{"line":126,"column":12},"end":{"line":126,"column":25}},"12":{"start":{"line":141,"column":8},"end":{"line":141,"column":61}},"13":{"start":{"line":145,"column":8},"end":{"line":145,"column":73}},"14":{"start":{"line":169,"column":8},"end":{"line":169,"column":44}},"15":{"start":{"line":170,"column":8},"end":{"line":170,"column":5109}},"16":{"start":{"line":177,"column":8},"end":{"line":177,"column":42}},"17":{"start":{"line":178,"column":8},"end":{"line":178,"column":79}},"18":{"start":{"line":187,"column":8},"end":{"line":187,"column":44}},"19":{"start":{"line":196,"column":8},"end":{"line":196,"column":5776}},"20":{"start":{"line":208,"column":8},"end":{"line":208,"column":6071}},"21":{"start":{"line":229,"column":8},"end":{"line":229,"column":38}},"22":{"start":{"line":230,"column":8},"end":{"line":230,"column":33}},"23":{"start":{"line":230,"column":25},"end":{"line":230,"column":33}},"24":{"start":{"line":232,"column":8},"end":{"line":232,"column":49}},"25":{"start":{"line":242,"column":8},"end":{"line":242,"column":52}},"26":{"start":{"line":242,"column":46},"end":{"line":242,"column":52}},"27":{"start":{"line":243,"column":8},"end":{"line":243,"column":58}},"28":{"start":{"line":245,"column":8},"end":{"line":245,"column":7130}},"29":{"start":{"line":251,"column":8},"end":{"line":251,"column":7292}},"30":{"start":{"line":261,"column":8},"end":{"line":261,"column":16}},"31":{"start":{"line":281,"column":8},"end":{"line":281,"column":69}},"32":{"start":{"line":283,"column":8},"end":{"line":283,"column":70}},"33":{"start":{"line":291,"column":8},"end":{"line":291,"column":8440}},"34":{"start":{"line":317,"column":8},"end":{"line":317,"column":60}},"35":{"start":{"line":327,"column":8},"end":{"line":327,"column":58}},"36":{"start":{"line":337,"column":8},"end":{"line":337,"column":59}},"37":{"start":{"line":347,"column":8},"end":{"line":347,"column":59}},"38":{"start":{"line":362,"column":8},"end":{"line":362,"column":75}},"39":{"start":{"line":363,"column":8},"end":{"line":363,"column":31}},"40":{"start":{"line":365,"column":8},"end":{"line":365,"column":47}},"41":{"start":{"line":376,"column":8},"end":{"line":376,"column":31}},"42":{"start":{"line":377,"column":8},"end":{"line":377,"column":56}},"43":{"start":{"line":379,"column":8},"end":{"line":379,"column":48}},"44":{"start":{"line":390,"column":8},"end":{"line":390,"column":69}},"45":{"start":{"line":397,"column":8},"end":{"line":397,"column":11173}},"46":{"start":{"line":403,"column":8},"end":{"line":403,"column":58}},"47":{"start":{"line":404,"column":8},"end":{"line":404,"column":29}},"48":{"start":{"line":411,"column":8},"end":{"line":411,"column":11660}},"49":{"start":{"line":419,"column":8},"end":{"line":419,"column":32}},"50":{"start":{"line":427,"column":8},"end":{"line":427,"column":69}},"51":{"start":{"line":428,"column":8},"end":{"line":428,"column":27}},"52":{"start":{"line":442,"column":8},"end":{"line":442,"column":27}},"53":{"start":{"line":450,"column":8},"end":{"line":450,"column":12668}},"54":{"start":{"line":458,"column":8},"end":{"line":458,"column":60}},"55":{"start":{"line":463,"column":8},"end":{"line":463,"column":59}},"56":{"start":{"line":474,"column":8},"end":{"line":474,"column":13369}},"57":{"start":{"line":478,"column":8},"end":{"line":478,"column":72}},"58":{"start":{"line":486,"column":8},"end":{"line":486,"column":13843}},"59":{"start":{"line":488,"column":12},"end":{"line":488,"column":69}},"60":{"start":{"line":493,"column":12},"end":{"line":493,"column":45}},"61":{"start":{"line":505,"column":8},"end":{"line":505,"column":14434}},"62":{"start":{"line":530,"column":8},"end":{"line":530,"column":65}},"63":{"start":{"line":539,"column":8},"end":{"line":539,"column":46}},"64":{"start":{"line":549,"column":8},"end":{"line":549,"column":50}},"65":{"start":{"line":550,"column":8},"end":{"line":550,"column":58}},"66":{"start":{"line":551,"column":8},"end":{"line":551,"column":15772}},"67":{"start":{"line":552,"column":12},"end":{"line":552,"column":56}},"68":{"start":{"line":556,"column":12},"end":{"line":556,"column":60}},"69":{"start":{"line":558,"column":12},"end":{"line":558,"column":66}},"70":{"start":{"line":559,"column":12},"end":{"line":559,"column":16166}}},"branchMap":{"1":{"line":75,"type":"if","locations":[{"start":{"line":75,"column":8},"end":{"line":75,"column":8}},{"start":{"line":75,"column":8},"end":{"line":75,"column":8}}]},"2":{"line":96,"type":"if","locations":[{"start":{"line":96,"column":15},"end":{"line":96,"column":15}},{"start":{"line":96,"column":15},"end":{"line":96,"column":15}}]},"3":{"line":98,"type":"if","locations":[{"start":{"line":98,"column":8},"end":{"line":98,"column":8}},{"start":{"line":98,"column":8},"end":{"line":98,"column":8}}]},"4":{"line":125,"type":"if","locations":[{"start":{"line":125,"column":8},"end":{"line":125,"column":8}},{"start":{"line":125,"column":8},"end":{"line":125,"column":8}}]},"5":{"line":151,"type":"if","locations":[{"start":{"line":151,"column":8},"end":{"line":151,"column":8}},{"start":{"line":151,"column":8},"end":{"line":151,"column":8}}]},"6":{"line":159,"type":"if","locations":[{"start":{"line":159,"column":8},"end":{"line":159,"column":8}},{"start":{"line":159,"column":8},"end":{"line":159,"column":8}}]},"7":{"line":164,"type":"if","locations":[{"start":{"line":164,"column":67},"end":{"line":164,"column":67}},{"start":{"line":164,"column":67},"end":{"line":164,"column":67}}]},"8":{"line":172,"type":"if","locations":[{"start":{"line":172,"column":18},"end":{"line":172,"column":23}},{"start":{"line":173,"column":18},"end":{"line":173,"column":56}}]},"9":{"line":178,"type":"if","locations":[{"start":{"line":178,"column":35},"end":{"line":178,"column":39}},{"start":{"line":178,"column":43},"end":{"line":178,"column":78}}]},"10":{"line":198,"type":"if","locations":[{"start":{"line":198,"column":18},"end":{"line":198,"column":23}},{"start":{"line":199,"column":18},"end":{"line":199,"column":74}}]},"11":{"line":210,"type":"if","locations":[{"start":{"line":210,"column":18},"end":{"line":210,"column":22}},{"start":{"line":211,"column":18},"end":{"line":211,"column":73}}]},"12":{"line":230,"type":"if","locations":[{"start":{"line":230,"column":8},"end":{"line":230,"column":8}},{"start":{"line":230,"column":8},"end":{"line":230,"column":8}}]},"13":{"line":242,"type":"if","locations":[{"start":{"line":242,"column":8},"end":{"line":242,"column":8}},{"start":{"line":242,"column":8},"end":{"line":242,"column":8}}]},"14":{"line":358,"type":"if","locations":[{"start":{"line":358,"column":8},"end":{"line":358,"column":8}},{"start":{"line":358,"column":8},"end":{"line":358,"column":8}}]},"15":{"line":371,"type":"if","locations":[{"start":{"line":371,"column":8},"end":{"line":371,"column":8}},{"start":{"line":371,"column":8},"end":{"line":371,"column":8}}]},"16":{"line":386,"type":"if","locations":[{"start":{"line":386,"column":8},"end":{"line":386,"column":8}},{"start":{"line":386,"column":8},"end":{"line":386,"column":8}}]},"17":{"line":387,"type":"if","locations":[{"start":{"line":387,"column":8},"end":{"line":387,"column":8}},{"start":{"line":387,"column":8},"end":{"line":387,"column":8}}]},"18":{"line":390,"type":"if","locations":[{"start":{"line":390,"column":8},"end":{"line":390,"column":8}},{"start":{"line":390,"column":8},"end":{"line":390,"column":8}}]},"19":{"line":397,"type":"if","locations":[{"start":{"line":397,"column":8},"end":{"line":397,"column":8}},{"start":{"line":397,"column":8},"end":{"line":397,"column":8}}]},"20":{"line":410,"type":"if","locations":[{"start":{"line":410,"column":58},"end":{"line":410,"column":58}},{"start":{"line":410,"column":58},"end":{"line":410,"column":58}}]},"21":{"line":411,"type":"if","locations":[{"start":{"line":411,"column":8},"end":{"line":411,"column":8}},{"start":{"line":411,"column":8},"end":{"line":411,"column":8}}]},"22":{"line":425,"type":"if","locations":[{"start":{"line":425,"column":8},"end":{"line":425,"column":8}},{"start":{"line":425,"column":8},"end":{"line":425,"column":8}}]},"23":{"line":438,"type":"if","locations":[{"start":{"line":438,"column":8},"end":{"line":438,"column":8}},{"start":{"line":438,"column":8},"end":{"line":438,"column":8}}]},"24":{"line":448,"type":"if","locations":[{"start":{"line":448,"column":8},"end":{"line":448,"column":8}},{"start":{"line":448,"column":8},"end":{"line":448,"column":8}}]},"25":{"line":450,"type":"if","locations":[{"start":{"line":450,"column":8},"end":{"line":450,"column":8}},{"start":{"line":450,"column":8},"end":{"line":450,"column":8}}]},"26":{"line":463,"type":"if","locations":[{"start":{"line":463,"column":33},"end":{"line":463,"column":54}},{"start":{"line":463,"column":58},"end":{"line":463,"column":58}}]},"27":{"line":471,"type":"if","locations":[{"start":{"line":471,"column":8},"end":{"line":471,"column":8}},{"start":{"line":471,"column":8},"end":{"line":471,"column":8}}]},"28":{"line":472,"type":"if","locations":[{"start":{"line":472,"column":8},"end":{"line":472,"column":8}},{"start":{"line":472,"column":8},"end":{"line":472,"column":8}}]},"29":{"line":474,"type":"if","locations":[{"start":{"line":474,"column":8},"end":{"line":474,"column":8}},{"start":{"line":474,"column":8},"end":{"line":474,"column":8}}]},"30":{"line":486,"type":"if","locations":[{"start":{"line":486,"column":8},"end":{"line":486,"column":8}},{"start":{"line":486,"column":8},"end":{"line":486,"column":8}}]},"31":{"line":502,"type":"if","locations":[{"start":{"line":502,"column":8},"end":{"line":502,"column":8}},{"start":{"line":502,"column":8},"end":{"line":502,"column":8}}]},"32":{"line":505,"type":"if","locations":[{"start":{"line":505,"column":8},"end":{"line":505,"column":8}},{"start":{"line":505,"column":8},"end":{"line":505,"column":8}}]},"33":{"line":551,"type":"if","locations":[{"start":{"line":551,"column":8},"end":{"line":551,"column":8}},{"start":{"line":551,"column":8},"end":{"line":551,"column":8}}]}}}}
