TN:
SF:/Users/chris/Workspace/sooho/stayking-beta/contracts/interface/IEvmoSwapRouter.sol
FNF:0
FNH:0
LF:0
LH:0
BRF:0
BRH:0
end_of_record
TN:
SF:/Users/chris/Workspace/sooho/stayking-beta/contracts/interface/IInterestModel.sol
FNF:0
FNH:0
LF:0
LH:0
BRF:0
BRH:0
end_of_record
TN:
SF:/Users/chris/Workspace/sooho/stayking-beta/contracts/interface/IStayking.sol
FNF:0
FNH:0
LF:0
LH:0
BRF:0
BRH:0
end_of_record
TN:
SF:/Users/chris/Workspace/sooho/stayking-beta/contracts/interface/ISwapHelper.sol
FNF:0
FNH:0
LF:0
LH:0
BRF:0
BRH:0
end_of_record
TN:
SF:/Users/chris/Workspace/sooho/stayking-beta/contracts/interface/IUnbondedEvmos.sol
FNF:0
FNH:0
LF:0
LH:0
BRF:0
BRH:0
end_of_record
TN:
SF:/Users/chris/Workspace/sooho/stayking-beta/contracts/interface/IVault.sol
FNF:0
FNH:0
LF:0
LH:0
BRF:0
BRH:0
end_of_record
TN:
SF:/Users/chris/Workspace/sooho/stayking-beta/contracts/lib/AddressUpgradeable.sol
FN:35,isContract
FN:59,sendValue
FN:90,functionCall
FN:103,functionCall
FN:122,functionCallWithValue
FN:142,functionCallWithValue
FN:166,functionStaticCall
FN:185,functionStaticCall
FN:202,verifyCallResult
FNF:9
FNH:0
FNDA:0,isContract
FNDA:0,sendValue
FNDA:0,functionCall
FNDA:0,functionCall
FNDA:0,functionCallWithValue
FNDA:0,functionCallWithValue
FNDA:0,functionStaticCall
FNDA:0,functionStaticCall
FNDA:0,verifyCallResult
DA:40,0
DA:60,0
DA:65,0
DA:66,0
DA:94,0
DA:108,0
DA:127,0
DA:148,0
DA:152,0
DA:154,0
DA:157,0
DA:171,0
DA:190,0
DA:192,0
DA:193,0
DA:207,0
DA:208,0
DA:211,0
DA:214,0
DA:219,0
LF:20
LH:0
BRDA:60,1,0,0
BRDA:60,1,1,0
BRDA:66,2,0,0
BRDA:66,2,1,0
BRDA:148,3,0,0
BRDA:148,3,1,0
BRDA:152,4,0,0
BRDA:152,4,1,0
BRDA:190,5,0,0
BRDA:190,5,1,0
BRDA:207,6,0,0
BRDA:207,6,1,0
BRDA:211,7,0,0
BRDA:211,7,1,0
BRF:14
BRH:0
end_of_record
TN:
SF:/Users/chris/Workspace/sooho/stayking-beta/contracts/lib/Context.sol
FN:16,_msgSender
FN:20,_msgData
FNF:2
FNH:1
FNDA:19,_msgSender
FNDA:0,_msgData
DA:17,19
DA:21,0
LF:2
LH:1
BRF:0
BRH:0
end_of_record
TN:
SF:/Users/chris/Workspace/sooho/stayking-beta/contracts/lib/ContextUpgradeable.sol
FN:18,__Context_init
FN:20,__Context_init_unchained
FN:22,_msgSender
FN:26,_msgData
FNF:4
FNH:1
FNDA:0,__Context_init
FNDA:0,__Context_init_unchained
FNDA:21,_msgSender
FNDA:0,_msgData
DA:23,21
DA:27,0
LF:2
LH:1
BRDA:18,1,0,0
BRDA:18,1,1,0
BRDA:20,2,0,0
BRDA:20,2,1,0
BRF:4
BRH:0
end_of_record
TN:
SF:/Users/chris/Workspace/sooho/stayking-beta/contracts/lib/ERC20.sol
FN:52,constructor
FN:60,name
FN:68,symbol
FN:85,decimals
FN:92,totalSupply
FN:99,balanceOf
FN:117,transfer
FN:131,allowance
FN:151,approve
FN:178,transferFrom
FN:201,increaseAllowance
FN:225,decreaseAllowance
FN:257,_transfer
FN:291,_mint
FN:314,_burn
FN:344,_approve
FN:364,_spendAllowance
FN:395,_beforeTokenTransfer
FN:415,_afterTokenTransfer
FNF:19
FNH:12
FNDA:3,constructor
FNDA:0,name
FNDA:0,symbol
FNDA:0,decimals
FNDA:0,totalSupply
FNDA:29,balanceOf
FNDA:1,transfer
FNDA:5,allowance
FNDA:4,approve
FNDA:5,transferFrom
FNDA:0,increaseAllowance
FNDA:0,decreaseAllowance
FNDA:5,_transfer
FNDA:3,_mint
FNDA:0,_burn
FNDA:8,_approve
FNDA:5,_spendAllowance
FNDA:8,_beforeTokenTransfer
FNDA:6,_afterTokenTransfer
DA:53,3
DA:54,3
DA:61,0
DA:69,0
DA:86,0
DA:93,0
DA:106,29
DA:123,1
DA:124,1
DA:125,1
DA:138,5
DA:157,4
DA:158,4
DA:159,4
DA:183,5
DA:184,5
DA:185,4
DA:186,2
DA:206,0
DA:207,0
DA:208,0
DA:230,0
DA:231,0
DA:232,0
DA:236,0
DA:237,0
DA:240,0
DA:262,5
DA:263,5
DA:265,5
DA:267,5
DA:268,5
DA:272,3
DA:273,3
DA:275,3
DA:277,3
DA:279,3
DA:292,3
DA:294,3
DA:296,3
DA:297,3
DA:298,3
DA:300,3
DA:315,0
DA:317,0
DA:319,0
DA:320,0
DA:321,0
DA:322,0
DA:324,0
DA:326,0
DA:328,0
DA:349,8
DA:350,8
DA:352,8
DA:353,8
DA:369,5
DA:370,5
DA:371,5
DA:375,4
DA:376,4
LF:61
LH:39
BRDA:232,1,0,0
BRDA:232,1,1,0
BRDA:262,2,0,5
BRDA:262,2,1,0
BRDA:263,3,0,5
BRDA:263,3,1,0
BRDA:268,4,0,3
BRDA:268,4,1,2
BRDA:292,5,0,3
BRDA:292,5,1,0
BRDA:315,6,0,0
BRDA:315,6,1,0
BRDA:320,7,0,0
BRDA:320,7,1,0
BRDA:349,8,0,8
BRDA:349,8,1,0
BRDA:350,9,0,8
BRDA:350,9,1,0
BRDA:370,10,0,5
BRDA:370,10,1,0
BRDA:371,11,0,4
BRDA:371,11,1,1
BRF:22
BRH:10
end_of_record
TN:
SF:/Users/chris/Workspace/sooho/stayking-beta/contracts/lib/ERC20Ownable.sol
FN:10,constructor
FN:13,mint
FNF:2
FNH:2
FNDA:3,constructor
FNDA:3,mint
DA:14,3
LF:1
LH:1
BRDA:13,1,0,3
BRDA:13,1,1,0
BRF:2
BRH:1
end_of_record
TN:
SF:/Users/chris/Workspace/sooho/stayking-beta/contracts/lib/ERC20Upgradeable.sol
FN:55,__ERC20_init
FN:62,__ERC20_init_unchained
FN:71,name
FN:79,symbol
FN:96,decimals
FN:103,totalSupply
FN:110,balanceOf
FN:128,transfer
FN:142,allowance
FN:162,approve
FN:189,transferFrom
FN:212,increaseAllowance
FN:236,decreaseAllowance
FN:268,_transfer
FN:302,_mint
FN:325,_burn
FN:355,_approve
FN:375,_spendAllowance
FN:406,_beforeTokenTransfer
FN:426,_afterTokenTransfer
FNF:20
FNH:8
FNDA:3,__ERC20_init
FNDA:3,__ERC20_init_unchained
FNDA:0,name
FNDA:0,symbol
FNDA:0,decimals
FNDA:4,totalSupply
FNDA:3,balanceOf
FNDA:0,transfer
FNDA:0,allowance
FNDA:0,approve
FNDA:0,transferFrom
FNDA:0,increaseAllowance
FNDA:0,decreaseAllowance
FNDA:0,_transfer
FNDA:2,_mint
FNDA:2,_burn
FNDA:0,_approve
FNDA:0,_spendAllowance
FNDA:4,_beforeTokenTransfer
FNDA:3,_afterTokenTransfer
DA:57,3
DA:64,3
DA:65,3
DA:72,0
DA:80,0
DA:97,0
DA:104,4
DA:117,3
DA:134,0
DA:135,0
DA:136,0
DA:149,0
DA:168,0
DA:169,0
DA:170,0
DA:194,0
DA:195,0
DA:196,0
DA:197,0
DA:217,0
DA:218,0
DA:219,0
DA:241,0
DA:242,0
DA:243,0
DA:247,0
DA:248,0
DA:251,0
DA:273,0
DA:274,0
DA:276,0
DA:278,0
DA:279,0
DA:283,0
DA:284,0
DA:286,0
DA:288,0
DA:290,0
DA:303,2
DA:305,2
DA:307,2
DA:308,2
DA:309,2
DA:311,2
DA:326,2
DA:328,2
DA:330,2
DA:331,2
DA:332,1
DA:333,1
DA:335,1
DA:337,1
DA:339,1
DA:360,0
DA:361,0
DA:363,0
DA:364,0
DA:380,0
DA:381,0
DA:382,0
DA:386,0
DA:387,0
LF:62
LH:20
BRDA:55,1,0,3
BRDA:55,1,1,0
BRDA:62,2,0,3
BRDA:62,2,1,0
BRDA:243,3,0,0
BRDA:243,3,1,0
BRDA:273,4,0,0
BRDA:273,4,1,0
BRDA:274,5,0,0
BRDA:274,5,1,0
BRDA:279,6,0,0
BRDA:279,6,1,0
BRDA:303,7,0,2
BRDA:303,7,1,0
BRDA:326,8,0,2
BRDA:326,8,1,0
BRDA:331,9,0,1
BRDA:331,9,1,1
BRDA:360,10,0,0
BRDA:360,10,1,0
BRDA:361,11,0,0
BRDA:361,11,1,0
BRDA:381,12,0,0
BRDA:381,12,1,0
BRDA:382,13,0,0
BRDA:382,13,1,0
BRF:26
BRH:6
end_of_record
TN:
SF:/Users/chris/Workspace/sooho/stayking-beta/contracts/lib/Initializable.sol
FN:77,initializer
FN:108,reinitializer
FN:124,onlyInitializing
FN:135,_disableInitializers
FNF:4
FNH:2
FNDA:6,initializer
FNDA:0,reinitializer
FNDA:24,onlyInitializing
FNDA:0,_disableInitializers
DA:78,6
DA:79,6
DA:85,6
DA:86,6
DA:87,6
DA:89,6
DA:90,6
DA:91,6
DA:92,6
DA:109,0
DA:113,0
DA:114,0
DA:115,0
DA:116,0
DA:117,0
DA:125,24
DA:126,24
DA:136,0
DA:137,0
DA:138,0
DA:139,0
LF:21
LH:11
BRDA:79,1,0,6
BRDA:79,1,1,0
BRDA:80,2,0,6
BRDA:80,2,1,0
BRDA:86,3,0,6
BRDA:86,3,1,0
BRDA:90,4,0,6
BRDA:90,4,1,0
BRDA:109,5,0,0
BRDA:109,5,1,0
BRDA:125,6,0,24
BRDA:125,6,1,0
BRDA:136,7,0,0
BRDA:136,7,1,0
BRDA:137,8,0,0
BRDA:137,8,1,0
BRF:16
BRH:5
end_of_record
TN:
SF:/Users/chris/Workspace/sooho/stayking-beta/contracts/lib/interface/IERC20.sol
FNF:0
FNH:0
LF:0
LH:0
BRF:0
BRH:0
end_of_record
TN:
SF:/Users/chris/Workspace/sooho/stayking-beta/contracts/lib/Ownable.sol
FN:30,constructor
FN:37,onlyOwner
FN:45,owner
FN:52,_checkOwner
FN:63,renounceOwnership
FN:71,transferOwnership
FN:83,_transferOwnership
FNF:7
FNH:5
FNDA:6,constructor
FNDA:3,onlyOwner
FNDA:3,owner
FNDA:3,_checkOwner
FNDA:0,renounceOwnership
FNDA:0,transferOwnership
FNDA:6,_transferOwnership
DA:31,6
DA:38,3
DA:39,3
DA:46,3
DA:53,3
DA:64,0
DA:72,0
DA:76,0
DA:84,6
DA:85,6
DA:86,6
LF:11
LH:8
BRDA:53,1,0,3
BRDA:53,1,1,0
BRDA:63,2,0,0
BRDA:63,2,1,0
BRDA:71,3,0,0
BRDA:71,3,1,0
BRDA:72,4,0,0
BRDA:72,4,1,0
BRF:8
BRH:1
end_of_record
TN:
SF:/Users/chris/Workspace/sooho/stayking-beta/contracts/lib/OwnableUpgradeable.sol
FN:31,__Ownable_init
FN:35,__Ownable_init_unchained
FN:42,onlyOwner
FN:50,owner
FN:57,_checkOwner
FN:68,renounceOwnership
FN:76,transferOwnership
FN:88,_transferOwnership
FNF:8
FNH:6
FNDA:6,__Ownable_init
FNDA:6,__Ownable_init_unchained
FNDA:15,onlyOwner
FNDA:15,owner
FNDA:15,_checkOwner
FNDA:0,renounceOwnership
FNDA:0,transferOwnership
FNDA:6,_transferOwnership
DA:32,6
DA:36,6
DA:43,15
DA:44,15
DA:51,15
DA:58,15
DA:69,0
DA:77,0
DA:81,0
DA:89,6
DA:90,6
DA:91,6
LF:12
LH:9
BRDA:31,1,0,6
BRDA:31,1,1,0
BRDA:35,2,0,6
BRDA:35,2,1,0
BRDA:58,3,0,15
BRDA:58,3,1,0
BRDA:68,4,0,0
BRDA:68,4,1,0
BRDA:76,5,0,0
BRDA:76,5,1,0
BRDA:77,6,0,0
BRDA:77,6,1,0
BRF:12
BRH:3
end_of_record
TN:
SF:/Users/chris/Workspace/sooho/stayking-beta/contracts/lib/ReentrancyGuardUpgradeable.sol
FN:39,__ReentrancyGuard_init
FN:43,__ReentrancyGuard_init_unchained
FN:54,nonReentrant
FNF:3
FNH:2
FNDA:3,__ReentrancyGuard_init
FNDA:3,__ReentrancyGuard_init_unchained
FNDA:0,nonReentrant
DA:40,3
DA:44,3
DA:56,0
DA:59,0
DA:61,0
DA:65,0
LF:6
LH:2
BRDA:39,1,0,3
BRDA:39,1,1,0
BRDA:43,2,0,3
BRDA:43,2,1,0
BRDA:56,3,0,0
BRDA:56,3,1,0
BRF:6
BRH:2
end_of_record
TN:
SF:/Users/chris/Workspace/sooho/stayking-beta/contracts/lib/utils/SafeToken.sol
FN:6,safeApprove
FN:21,safeTransfer
FN:36,safeTransferFrom
FN:53,safeTransferEVMOS
FNF:4
FNH:3
FNDA:1,safeApprove
FNDA:1,safeTransfer
FNDA:5,safeTransferFrom
FNDA:0,safeTransferEVMOS
DA:12,1
DA:15,1
DA:27,1
DA:30,1
DA:43,5
DA:47,5
DA:54,0
DA:55,0
LF:8
LH:6
BRDA:15,1,0,1
BRDA:15,1,1,0
BRDA:16,2,0,0
BRDA:16,2,1,1
BRDA:30,3,0,1
BRDA:30,3,1,0
BRDA:31,4,0,0
BRDA:31,4,1,1
BRDA:47,5,0,2
BRDA:47,5,1,3
BRDA:48,6,0,0
BRDA:48,6,1,2
BRDA:55,7,0,0
BRDA:55,7,1,0
BRF:14
BRH:7
end_of_record
TN:
SF:/Users/chris/Workspace/sooho/stayking-beta/contracts/mock/MockSwap.sol
FN:23,constructor
FN:31,getDx
FN:41,getDy
FN:51,exchange
FN:72,sweep
FN:76,changeRatio
FN:81,
FNF:7
FNH:4
FNDA:3,constructor
FNDA:1,getDx
FNDA:1,getDy
FNDA:1,exchange
FNDA:0,sweep
FNDA:0,changeRatio
FNDA:0,
DA:24,3
DA:25,6
DA:28,3
DA:36,1
DA:46,1
DA:57,1
DA:58,0
DA:60,1
DA:63,0
DA:64,0
DA:65,0
DA:67,0
DA:73,0
DA:77,0
DA:78,0
LF:15
LH:7
BRDA:36,1,0,0
BRDA:36,1,1,1
BRDA:37,2,0,1
BRDA:37,2,1,0
BRDA:46,3,0,1
BRDA:46,3,1,0
BRDA:47,4,0,0
BRDA:47,4,1,0
BRDA:57,5,0,0
BRDA:57,5,1,1
BRDA:58,6,0,0
BRDA:58,6,1,0
BRDA:64,7,0,0
BRDA:64,7,1,0
BRDA:72,8,0,0
BRDA:72,8,1,0
BRDA:76,9,0,0
BRDA:76,9,1,0
BRDA:77,10,0,0
BRDA:77,10,1,0
BRF:20
BRH:4
end_of_record
TN:
SF:/Users/chris/Workspace/sooho/stayking-beta/contracts/mock/MockSwapHelper.sol
FN:11,constructor
FN:15,getDy
FN:23,getDx
FN:31,exchange
FN:53,
FNF:5
FNH:0
FNDA:0,constructor
FNDA:0,getDy
FNDA:0,getDx
FNDA:0,exchange
FNDA:0,
DA:12,0
DA:20,0
DA:28,0
DA:37,0
DA:38,0
DA:39,0
DA:41,0
DA:42,0
DA:43,0
DA:46,0
DA:47,0
DA:49,0
LF:12
LH:0
BRDA:37,1,0,0
BRDA:37,1,1,0
BRDA:38,2,0,0
BRDA:38,2,1,0
BRDA:46,3,0,0
BRDA:46,3,1,0
BRF:6
BRH:0
end_of_record
TN:
SF:/Users/chris/Workspace/sooho/stayking-beta/contracts/Stayking.sol
FN:123,onlyDelegator
FN:132,onlyKiller
FN:142,__Stayking_init
FN:169,changeDelegator
FN:177,updateVault
FN:217,updateConfigs
FN:236,updateWhitelistedKillerStatus
FN:246,_stake
FN:271,_unstake
FN:298,_isHealthy
FN:312,amountToShare
FN:317,shareToAmount
FN:324,debtAmountOf
FN:336,addPosition
FN:374,removePosition
FN:410,abs
FN:414,_adjustChangePositionArgs
FN:496,changePosition
FN:604,positionInfo
FN:625,isKillable
FN:649,kill
FN:689,getAccruedValue
FN:725,accrue
FN:797,claimReserves
FN:808,
FNF:25
FNH:3
FNDA:0,onlyDelegator
FNDA:0,onlyKiller
FNDA:3,__Stayking_init
FNDA:3,changeDelegator
FNDA:0,updateVault
FNDA:3,updateConfigs
FNDA:0,updateWhitelistedKillerStatus
FNDA:0,_stake
FNDA:0,_unstake
FNDA:0,_isHealthy
FNDA:0,amountToShare
FNDA:0,shareToAmount
FNDA:0,debtAmountOf
FNDA:0,addPosition
FNDA:0,removePosition
FNDA:0,abs
FNDA:0,_adjustChangePositionArgs
FNDA:0,changePosition
FNDA:0,positionInfo
FNDA:0,isKillable
FNDA:0,kill
FNDA:0,getAccruedValue
FNDA:0,accrue
FNDA:0,claimReserves
FNDA:0,
DA:124,0
DA:129,0
DA:133,0
DA:137,0
DA:145,3
DA:147,3
DA:148,3
DA:151,3
DA:160,3
DA:161,3
DA:162,3
DA:170,3
DA:171,3
DA:179,0
DA:181,0
DA:182,0
DA:183,0
DA:185,0
DA:190,0
DA:191,0
DA:192,0
DA:193,0
DA:194,0
DA:195,0
DA:196,0
DA:199,0
DA:200,0
DA:203,0
DA:205,0
DA:207,0
DA:218,3
DA:219,3
DA:220,3
DA:221,3
DA:222,3
DA:223,3
DA:224,3
DA:238,0
DA:239,0
DA:250,0
DA:251,0
DA:252,0
DA:253,0
DA:255,0
DA:257,0
DA:278,0
DA:280,0
DA:281,0
DA:282,0
DA:284,0
DA:288,0
DA:290,0
DA:292,0
DA:295,0
DA:303,0
DA:304,0
DA:313,0
DA:318,0
DA:330,0
DA:341,0
DA:342,0
DA:346,0
DA:348,0
DA:349,0
DA:356,0
DA:360,0
DA:362,0
DA:363,0
DA:364,0
DA:366,0
DA:368,0
DA:375,0
DA:376,0
DA:377,0
DA:379,0
DA:382,0
DA:384,0
DA:386,0
DA:393,0
DA:398,0
DA:407,0
DA:411,0
DA:428,0
DA:441,0
DA:443,0
DA:444,0
DA:445,0
DA:447,0
DA:462,0
DA:463,0
DA:464,0
DA:502,0
DA:503,0
DA:504,0
DA:506,0
DA:508,0
DA:509,0
DA:511,0
DA:515,0
DA:516,0
DA:520,0
DA:527,0
DA:528,0
DA:530,0
DA:531,0
DA:533,0
DA:534,0
DA:538,0
DA:539,0
DA:540,0
DA:542,0
DA:545,0
DA:548,0
DA:553,0
DA:565,0
DA:567,0
DA:573,0
DA:575,0
DA:577,0
DA:580,0
DA:581,0
DA:582,0
DA:583,0
DA:586,0
DA:615,0
DA:616,0
DA:617,0
DA:619,0
DA:621,0
DA:622,0
DA:631,0
DA:632,0
DA:634,0
DA:636,0
DA:637,0
DA:642,0
DA:651,0
DA:652,0
DA:653,0
DA:655,0
DA:656,0
DA:657,0
DA:660,0
DA:661,0
DA:670,0
DA:672,0
DA:682,0
DA:695,0
DA:697,0
DA:698,0
DA:699,0
DA:700,0
DA:703,0
DA:704,0
DA:706,0
DA:726,0
DA:730,0
DA:733,0
DA:734,0
DA:737,0
DA:738,0
DA:740,0
DA:741,0
DA:742,0
DA:743,0
DA:746,0
DA:748,0
DA:750,0
DA:751,0
DA:752,0
DA:757,0
DA:758,0
DA:759,0
DA:760,0
DA:762,0
DA:763,0
DA:766,0
DA:770,0
DA:773,0
DA:775,0
DA:778,0
DA:781,0
DA:784,0
DA:787,0
DA:788,0
DA:789,0
DA:790,0
DA:793,0
DA:798,0
DA:799,0
DA:801,0
LF:191
LH:16
BRDA:124,1,0,0
BRDA:124,1,1,0
BRDA:133,2,0,0
BRDA:133,2,1,0
BRDA:142,3,0,3
BRDA:142,3,1,0
BRDA:169,4,0,3
BRDA:169,4,1,0
BRDA:177,5,0,0
BRDA:177,5,1,0
BRDA:181,6,0,0
BRDA:181,6,1,0
BRDA:185,7,0,0
BRDA:185,7,1,0
BRDA:193,8,0,0
BRDA:193,8,1,0
BRDA:217,9,0,3
BRDA:217,9,1,0
BRDA:236,10,0,0
BRDA:236,10,1,0
BRDA:285,11,0,0
BRDA:285,11,1,0
BRDA:290,12,0,0
BRDA:290,12,1,0
BRDA:314,13,0,0
BRDA:314,13,1,0
BRDA:318,14,0,0
BRDA:318,14,1,0
BRDA:342,15,0,0
BRDA:342,15,1,0
BRDA:346,16,0,0
BRDA:346,16,1,0
BRDA:349,17,0,0
BRDA:349,17,1,0
BRDA:357,18,0,0
BRDA:357,18,1,0
BRDA:377,19,0,0
BRDA:377,19,1,0
BRDA:393,20,0,0
BRDA:393,20,1,0
BRDA:411,21,0,0
BRDA:411,21,1,0
BRDA:428,22,0,0
BRDA:428,22,1,0
BRDA:441,23,0,0
BRDA:441,23,1,0
BRDA:449,24,0,0
BRDA:449,24,1,0
BRDA:504,25,0,0
BRDA:504,25,1,0
BRDA:509,26,0,0
BRDA:509,26,1,0
BRDA:511,27,0,0
BRDA:511,27,1,0
BRDA:527,28,0,0
BRDA:527,28,1,0
BRDA:530,29,0,0
BRDA:530,29,1,0
BRDA:538,30,0,0
BRDA:538,30,1,0
BRDA:539,31,0,0
BRDA:539,31,1,0
BRDA:548,32,0,0
BRDA:548,32,1,0
BRDA:565,33,0,0
BRDA:565,33,1,0
BRDA:575,34,0,0
BRDA:575,34,1,0
BRDA:583,35,0,0
BRDA:583,35,1,0
BRDA:634,36,0,0
BRDA:634,36,1,0
BRDA:649,37,0,0
BRDA:649,37,1,0
BRDA:653,38,0,0
BRDA:653,38,1,0
BRDA:657,39,0,0
BRDA:657,39,1,0
BRDA:703,40,0,0
BRDA:703,40,1,0
BRDA:725,41,0,0
BRDA:725,41,1,0
BRDA:726,42,0,0
BRDA:726,42,1,0
BRDA:730,43,0,0
BRDA:730,43,1,0
BRDA:748,44,0,0
BRDA:748,44,1,0
BRDA:757,45,0,0
BRDA:757,45,1,0
BRDA:788,46,0,0
BRDA:788,46,1,0
BRDA:797,47,0,0
BRDA:797,47,1,0
BRDA:798,48,0,0
BRDA:798,48,1,0
BRF:96
BRH:3
end_of_record
TN:
SF:/Users/chris/Workspace/sooho/stayking-beta/contracts/SwapHelper.sol
FN:10,constructor
FN:14,getDy
FN:27,getDx
FN:40,exchange
FNF:4
FNH:0
FNDA:0,constructor
FNDA:0,getDy
FNDA:0,getDx
FNDA:0,exchange
DA:11,0
DA:19,0
DA:20,0
DA:21,0
DA:23,0
DA:24,0
DA:32,0
DA:33,0
DA:34,0
DA:36,0
DA:37,0
DA:46,0
DA:47,0
DA:50,0
DA:51,0
DA:52,0
DA:53,0
DA:55,0
DA:62,0
DA:66,0
DA:68,0
DA:70,0
DA:72,0
DA:73,0
DA:75,0
DA:83,0
DA:84,0
DA:93,0
LF:28
LH:0
BRDA:20,1,0,0
BRDA:20,1,1,0
BRDA:21,2,0,0
BRDA:21,2,1,0
BRDA:33,3,0,0
BRDA:33,3,1,0
BRDA:34,4,0,0
BRDA:34,4,1,0
BRDA:50,5,0,0
BRDA:50,5,1,0
BRDA:51,6,0,0
BRDA:51,6,1,0
BRDA:72,7,0,0
BRDA:72,7,1,0
BRF:14
BRH:0
end_of_record
TN:
SF:/Users/chris/Workspace/sooho/stayking-beta/contracts/TripleSlopeModel.sol
FN:26,calcInterestRate
FNF:1
FNH:1
FNDA:16,calcInterestRate
DA:32,16
DA:34,8
DA:35,8
DA:38,8
DA:40,8
DA:44,0
DA:47,0
DA:55,0
LF:8
LH:5
BRDA:32,1,0,8
BRDA:32,1,1,8
BRDA:38,2,0,8
BRDA:38,2,1,0
BRDA:42,3,0,0
BRDA:42,3,1,0
BRDA:45,4,0,0
BRDA:45,4,1,0
BRF:8
BRH:3
end_of_record
TN:
SF:/Users/chris/Workspace/sooho/stayking-beta/contracts/UnbondedEvmos.sol
FN:55,__UnbondedEvmos_init
FN:68,onlyMinter
FN:76,updateMinterStatus
FN:82,updateConfigs
FN:88,_repayPendingDebt
FN:103,_unlock
FN:149,transfer
FN:160,transferFrom
FN:167,lockedList
FN:199,mintLockedToken
FN:233,unlock
FN:238,supplyUnbondedToken
FN:244,getUnlockable
FN:272,isKillable
FN:279,kill
FN:297,
FNF:16
FNH:0
FNDA:0,__UnbondedEvmos_init
FNDA:0,onlyMinter
FNDA:0,updateMinterStatus
FNDA:0,updateConfigs
FNDA:0,_repayPendingDebt
FNDA:0,_unlock
FNDA:0,transfer
FNDA:0,transferFrom
FNDA:0,lockedList
FNDA:0,mintLockedToken
FNDA:0,unlock
FNDA:0,supplyUnbondedToken
FNDA:0,getUnlockable
FNDA:0,isKillable
FNDA:0,kill
FNDA:0,
DA:57,0
DA:58,0
DA:62,0
DA:69,0
DA:70,0
DA:78,0
DA:79,0
DA:83,0
DA:84,0
DA:92,0
DA:93,0
DA:94,0
DA:98,0
DA:99,0
DA:104,0
DA:105,0
DA:106,0
DA:108,0
DA:110,0
DA:112,0
DA:113,0
DA:114,0
DA:117,0
DA:118,0
DA:119,0
DA:121,0
DA:123,0
DA:126,0
DA:127,0
DA:131,0
DA:132,0
DA:133,0
DA:136,0
DA:137,0
DA:139,0
DA:152,0
DA:153,0
DA:161,0
DA:162,0
DA:163,0
DA:164,0
DA:172,0
DA:173,0
DA:175,0
DA:176,0
DA:177,0
DA:180,0
DA:181,0
DA:182,0
DA:184,0
DA:185,0
DA:186,0
DA:189,0
DA:200,0
DA:202,0
DA:205,0
DA:209,0
DA:225,0
DA:226,0
DA:228,0
DA:229,0
DA:234,0
DA:235,0
DA:239,0
DA:240,0
DA:250,0
DA:251,0
DA:252,0
DA:254,0
DA:256,0
DA:259,0
DA:260,0
DA:261,0
DA:263,0
DA:264,0
DA:273,0
DA:274,0
DA:275,0
DA:276,0
DA:280,0
DA:281,0
DA:285,0
DA:286,0
DA:288,0
DA:290,0
DA:291,0
LF:86
LH:0
BRDA:55,1,0,0
BRDA:55,1,1,0
BRDA:69,2,0,0
BRDA:69,2,1,0
BRDA:76,3,0,0
BRDA:76,3,1,0
BRDA:82,4,0,0
BRDA:82,4,1,0
BRDA:108,5,0,0
BRDA:108,5,1,0
BRDA:121,6,0,0
BRDA:121,6,1,0
BRDA:131,7,0,0
BRDA:131,7,1,0
BRDA:136,8,0,0
BRDA:136,8,1,0
BRDA:149,9,0,0
BRDA:149,9,1,0
BRDA:160,10,0,0
BRDA:160,10,1,0
BRDA:176,11,0,0
BRDA:176,11,1,0
BRDA:199,12,0,0
BRDA:199,12,1,0
BRDA:200,13,0,0
BRDA:200,13,1,0
BRDA:254,14,0,0
BRDA:254,14,1,0
BRDA:261,15,0,0
BRDA:261,15,1,0
BRDA:274,16,0,0
BRDA:274,16,1,0
BRDA:281,17,0,0
BRDA:281,17,1,0
BRDA:288,18,0,0
BRDA:288,18,1,0
BRF:36
BRH:0
end_of_record
TN:
SF:/Users/chris/Workspace/sooho/stayking-beta/contracts/Vault.sol
FN:74,onlyStayking
FN:79,accrueBefore
FN:96,__Vault_init
FN:119,getAccruedRateBps
FN:140,totalDebtAmount
FN:144,totalAmount
FN:151,updateMinReservedBps
FN:159,updateInterestModel
FN:164,updateSwapHelper
FN:168,amountToShare
FN:176,shareToAmount
FN:181,debtAmountInBase
FN:190,pendingDebtAmountToShare
FN:202,pendingDebtShareToAmount
FN:216,getInterestRate
FN:228,utilizationRateBps
FN:241,_accrue
FN:260,accrue
FN:274,_swapToBase
FN:287,_swapFromBase
FN:311,getBaseIn
FN:321,getBaseOut
FN:331,getTokenIn
FN:341,getTokenOut
FN:358,deposit
FN:371,withdraw
FN:387,loan
FN:410,_repay
FN:425,repayInToken
FN:438,repayInBase
FN:448,takeDebtOwnership
FN:462,getInterestInBase
FN:472,payInterest
FN:502,pendRepay
FN:524,getPendingDebt
FN:533,getPendingDebtInBase
FN:543,repayPendingDebt
FN:570,
FNF:38
FNH:18
FNDA:2,onlyStayking
FNDA:8,accrueBefore
FNDA:3,__Vault_init
FNDA:0,getAccruedRateBps
FNDA:25,totalDebtAmount
FNDA:9,totalAmount
FNDA:3,updateMinReservedBps
FNDA:3,updateInterestModel
FNDA:3,updateSwapHelper
FNDA:4,amountToShare
FNDA:4,shareToAmount
FNDA:0,debtAmountInBase
FNDA:0,pendingDebtAmountToShare
FNDA:0,pendingDebtShareToAmount
FNDA:16,getInterestRate
FNDA:0,utilizationRateBps
FNDA:8,_accrue
FNDA:0,accrue
FNDA:1,_swapToBase
FNDA:0,_swapFromBase
FNDA:0,getBaseIn
FNDA:0,getBaseOut
FNDA:1,getTokenIn
FNDA:1,getTokenOut
FNDA:4,deposit
FNDA:2,withdraw
FNDA:2,loan
FNDA:0,_repay
FNDA:0,repayInToken
FNDA:0,repayInBase
FNDA:0,takeDebtOwnership
FNDA:0,getInterestInBase
FNDA:0,payInterest
FNDA:0,pendRepay
FNDA:0,getPendingDebt
FNDA:0,getPendingDebtInBase
FNDA:0,repayPendingDebt
FNDA:0,
DA:75,2
DA:76,2
DA:80,8
DA:81,8
DA:98,3
DA:100,3
DA:101,3
DA:103,3
DA:104,3
DA:105,3
DA:106,3
DA:107,3
DA:108,3
DA:110,3
DA:124,0
DA:125,0
DA:126,0
DA:129,0
DA:133,0
DA:141,25
DA:145,9
DA:153,3
DA:161,3
DA:165,3
DA:169,4
DA:170,4
DA:177,4
DA:178,4
DA:187,0
DA:196,0
DA:208,0
DA:222,16
DA:229,0
DA:230,0
DA:232,0
DA:242,8
DA:243,8
DA:245,8
DA:249,8
DA:251,8
DA:254,8
DA:256,8
DA:261,0
DA:279,1
DA:281,1
DA:283,1
DA:291,0
DA:317,0
DA:327,0
DA:337,1
DA:347,1
DA:361,4
DA:362,4
DA:363,2
DA:365,2
DA:374,2
DA:376,2
DA:377,1
DA:379,1
DA:390,2
DA:393,1
DA:394,0
DA:395,0
DA:397,0
DA:403,0
DA:404,0
DA:411,0
DA:415,0
DA:416,0
DA:418,0
DA:419,0
DA:427,0
DA:428,0
DA:441,0
DA:442,0
DA:450,0
DA:454,0
DA:455,0
DA:457,0
DA:458,0
DA:463,0
DA:474,0
DA:478,0
DA:480,0
DA:481,0
DA:482,0
DA:483,0
DA:484,0
DA:486,0
DA:488,0
DA:490,0
DA:492,0
DA:493,0
DA:505,0
DA:510,0
DA:511,0
DA:513,0
DA:517,0
DA:518,0
DA:520,0
DA:521,0
DA:530,0
DA:539,0
DA:549,0
DA:550,0
DA:551,0
DA:552,0
DA:553,0
DA:555,0
DA:556,0
DA:558,0
DA:559,0
DA:562,0
DA:563,0
LF:114
LH:46
BRDA:75,1,0,2
BRDA:75,1,1,0
BRDA:96,2,0,3
BRDA:96,2,1,0
BRDA:98,3,0,3
BRDA:98,3,1,0
BRDA:125,4,0,0
BRDA:125,4,1,0
BRDA:151,5,0,3
BRDA:151,5,1,0
BRDA:159,6,0,3
BRDA:159,6,1,0
BRDA:164,7,0,3
BRDA:164,7,1,0
BRDA:172,8,0,4
BRDA:172,8,1,0
BRDA:178,9,0,0
BRDA:178,9,1,4
BRDA:198,10,0,0
BRDA:198,10,1,0
BRDA:210,11,0,0
BRDA:210,11,1,0
BRDA:230,12,0,0
BRDA:230,12,1,0
BRDA:242,13,0,0
BRDA:242,13,1,8
BRDA:358,14,0,4
BRDA:358,14,1,0
BRDA:371,15,0,2
BRDA:371,15,1,0
BRDA:386,16,0,2
BRDA:386,16,1,0
BRDA:387,17,0,2
BRDA:387,17,1,0
BRDA:390,18,0,1
BRDA:390,18,1,1
BRDA:397,19,0,0
BRDA:397,19,1,0
BRDA:410,20,0,0
BRDA:410,20,1,0
BRDA:411,21,0,0
BRDA:411,21,1,0
BRDA:425,22,0,0
BRDA:425,22,1,0
BRDA:438,23,0,0
BRDA:438,23,1,0
BRDA:448,24,0,0
BRDA:448,24,1,0
BRDA:450,25,0,0
BRDA:450,25,1,0
BRDA:463,26,0,0
BRDA:463,26,1,0
BRDA:471,27,0,0
BRDA:471,27,1,0
BRDA:472,28,0,0
BRDA:472,28,1,0
BRDA:474,29,0,0
BRDA:474,29,1,0
BRDA:486,30,0,0
BRDA:486,30,1,0
BRDA:502,31,0,0
BRDA:502,31,1,0
BRDA:505,32,0,0
BRDA:505,32,1,0
BRDA:551,33,0,0
BRDA:551,33,1,0
BRF:66
BRH:15
end_of_record
